<?xml version="1.0" encoding="UTF-8"?>
<!-- Generated by org.testng.reporters.JUnitXMLReporter -->
<testsuite hostname="IN45214454W3" ignored="0" name="Default test" tests="369" failures="0" timestamp="15 Aug 2017 12:58:21 GMT" time="1343.089" errors="0">
  <testcase name="testcase" time="17.122" classname="automation.datadriverntesting.SharePrice"/>
  <testcase name="testcase" time="6.749" classname="automation.datadriverntesting.SharePrice"/>
  <testcase name="testcase" time="6.201" classname="automation.datadriverntesting.SharePrice"/>
  <testcase name="testcase" time="5.086" classname="automation.datadriverntesting.SharePrice"/>
  <testcase name="testcase" time="5.863" classname="automation.datadriverntesting.SharePrice"/>
  <testcase name="testcase" time="5.109" classname="automation.datadriverntesting.SharePrice"/>
  <testcase name="testcase" time="6.308" classname="automation.datadriverntesting.SharePrice"/>
  <testcase name="testcase" time="5.713" classname="automation.datadriverntesting.SharePrice"/>
  <testcase name="testcase" time="5.953" classname="automation.datadriverntesting.SharePrice"/>
  <testcase name="testcase" time="7.175" classname="automation.datadriverntesting.SharePrice"/>
  <testcase name="testcase" time="4.935" classname="automation.datadriverntesting.SharePrice"/>
  <testcase name="testcase" time="5.357" classname="automation.datadriverntesting.SharePrice"/>
  <testcase name="testcase" time="6.014" classname="automation.datadriverntesting.SharePrice"/>
  <testcase name="testcase" time="4.801" classname="automation.datadriverntesting.SharePrice"/>
  <testcase name="testcase" time="5.846" classname="automation.datadriverntesting.SharePrice"/>
  <testcase name="testcase" time="5.816" classname="automation.datadriverntesting.SharePrice"/>
  <testcase name="testcase" time="5.926" classname="automation.datadriverntesting.SharePrice"/>
  <testcase name="testcase" time="5.329" classname="automation.datadriverntesting.SharePrice"/>
  <testcase name="testcase" time="6.445" classname="automation.datadriverntesting.SharePrice"/>
  <testcase name="testcase" time="5.991" classname="automation.datadriverntesting.SharePrice"/>
  <testcase name="testcase" time="6.174" classname="automation.datadriverntesting.SharePrice"/>
  <testcase name="testcase" time="7.472" classname="automation.datadriverntesting.SharePrice"/>
  <testcase name="testcase" time="6.152" classname="automation.datadriverntesting.SharePrice"/>
  <testcase name="testcase" time="6.086" classname="automation.datadriverntesting.SharePrice"/>
  <testcase name="testcase" time="7.681" classname="automation.datadriverntesting.SharePrice"/>
  <testcase name="testcase" time="9.093" classname="automation.datadriverntesting.SharePrice"/>
  <testcase name="testcase" time="6.335" classname="automation.datadriverntesting.SharePrice"/>
  <testcase name="testcase" time="5.681" classname="automation.datadriverntesting.SharePrice"/>
  <testcase name="testcase" time="5.902" classname="automation.datadriverntesting.SharePrice"/>
  <testcase name="testcase" time="4.0" classname="automation.datadriverntesting.SharePrice"/>
  <testcase name="testcase" time="7.67" classname="automation.datadriverntesting.SharePrice"/>
  <testcase name="testcase" time="6.266" classname="automation.datadriverntesting.SharePrice"/>
  <testcase name="testcase" time="6.299" classname="automation.datadriverntesting.SharePrice"/>
  <testcase name="testcase" time="6.291" classname="automation.datadriverntesting.SharePrice"/>
  <testcase name="testcase" time="7.137" classname="automation.datadriverntesting.SharePrice"/>
  <testcase name="testcase" time="6.559" classname="automation.datadriverntesting.SharePrice"/>
  <testcase name="testcase" time="5.715" classname="automation.datadriverntesting.SharePrice"/>
  <testcase name="testcase" time="6.867" classname="automation.datadriverntesting.SharePrice"/>
  <testcase name="testcase" time="5.963" classname="automation.datadriverntesting.SharePrice"/>
  <testcase name="testcase" time="5.646" classname="automation.datadriverntesting.SharePrice"/>
  <testcase name="testcase" time="5.809" classname="automation.datadriverntesting.SharePrice"/>
  <testcase name="testcase" time="7.283" classname="automation.datadriverntesting.SharePrice"/>
  <testcase name="testcase" time="6.99" classname="automation.datadriverntesting.SharePrice"/>
  <testcase name="testcase" time="5.998" classname="automation.datadriverntesting.SharePrice"/>
  <testcase name="testcase" time="5.629" classname="automation.datadriverntesting.SharePrice"/>
  <testcase name="testcase" time="5.913" classname="automation.datadriverntesting.SharePrice"/>
  <testcase name="testcase" time="5.984" classname="automation.datadriverntesting.SharePrice"/>
  <testcase name="testcase" time="9.669" classname="automation.datadriverntesting.SharePrice"/>
  <testcase name="testcase" time="6.034" classname="automation.datadriverntesting.SharePrice"/>
  <testcase name="testcase" time="5.816" classname="automation.datadriverntesting.SharePrice"/>
  <testcase name="testcase" time="5.573" classname="automation.datadriverntesting.SharePrice"/>
  <testcase name="testcase" time="6.205" classname="automation.datadriverntesting.SharePrice"/>
  <testcase name="testcase" time="5.326" classname="automation.datadriverntesting.SharePrice"/>
  <testcase name="testcase" time="6.956" classname="automation.datadriverntesting.SharePrice"/>
  <testcase name="testcase" time="5.661" classname="automation.datadriverntesting.SharePrice"/>
  <testcase name="testcase" time="20.151" classname="automation.datadriverntesting.SharePrice"/>
  <testcase name="testcase" time="4.812" classname="automation.datadriverntesting.SharePrice"/>
  <testcase name="testcase" time="4.794" classname="automation.datadriverntesting.SharePrice"/>
  <testcase name="testcase" time="5.189" classname="automation.datadriverntesting.SharePrice"/>
  <testcase name="testcase" time="5.63" classname="automation.datadriverntesting.SharePrice"/>
  <testcase name="testcase" time="5.703" classname="automation.datadriverntesting.SharePrice"/>
  <testcase name="testcase" time="4.806" classname="automation.datadriverntesting.SharePrice"/>
  <testcase name="testcase" time="5.719" classname="automation.datadriverntesting.SharePrice"/>
  <testcase name="testcase" time="5.865" classname="automation.datadriverntesting.SharePrice"/>
  <testcase name="testcase" time="6.311" classname="automation.datadriverntesting.SharePrice"/>
  <testcase name="testcase" time="5.259" classname="automation.datadriverntesting.SharePrice"/>
  <testcase name="testcase" time="5.234" classname="automation.datadriverntesting.SharePrice"/>
  <testcase name="testcase" time="5.995" classname="automation.datadriverntesting.SharePrice"/>
  <testcase name="testcase" time="9.325" classname="automation.datadriverntesting.SharePrice"/>
  <testcase name="testcase" time="7.133" classname="automation.datadriverntesting.SharePrice"/>
  <testcase name="testcase" time="6.798" classname="automation.datadriverntesting.SharePrice"/>
  <testcase name="testcase" time="5.745" classname="automation.datadriverntesting.SharePrice"/>
  <testcase name="testcase" time="5.239" classname="automation.datadriverntesting.SharePrice"/>
  <testcase name="testcase" time="6.094" classname="automation.datadriverntesting.SharePrice"/>
  <testcase name="testcase" time="11.229" classname="automation.datadriverntesting.SharePrice"/>
  <testcase name="testcase" time="4.791" classname="automation.datadriverntesting.SharePrice"/>
  <testcase name="testcase" time="5.137" classname="automation.datadriverntesting.SharePrice"/>
  <testcase name="testcase" time="9.016" classname="automation.datadriverntesting.SharePrice"/>
  <testcase name="testcase" time="7.909" classname="automation.datadriverntesting.SharePrice"/>
  <testcase name="testcase" time="9.311" classname="automation.datadriverntesting.SharePrice"/>
  <testcase name="testcase" time="5.603" classname="automation.datadriverntesting.SharePrice"/>
  <testcase name="testcase" time="5.504" classname="automation.datadriverntesting.SharePrice"/>
  <testcase name="testcase" time="5.494" classname="automation.datadriverntesting.SharePrice"/>
  <testcase name="testcase" time="6.327" classname="automation.datadriverntesting.SharePrice"/>
  <testcase name="testcase" time="5.984" classname="automation.datadriverntesting.SharePrice"/>
  <testcase name="testcase" time="5.82" classname="automation.datadriverntesting.SharePrice"/>
  <testcase name="testcase" time="5.599" classname="automation.datadriverntesting.SharePrice"/>
  <testcase name="testcase" time="5.518" classname="automation.datadriverntesting.SharePrice"/>
  <testcase name="testcase" time="8.515" classname="automation.datadriverntesting.SharePrice"/>
  <testcase name="testcase" time="6.314" classname="automation.datadriverntesting.SharePrice"/>
  <testcase name="testcase" time="6.207" classname="automation.datadriverntesting.SharePrice"/>
  <testcase name="testcase" time="7.816" classname="automation.datadriverntesting.SharePrice"/>
  <testcase name="testcase" time="5.244" classname="automation.datadriverntesting.SharePrice"/>
  <testcase name="testcase" time="6.112" classname="automation.datadriverntesting.SharePrice"/>
  <testcase name="testcase" time="6.078" classname="automation.datadriverntesting.SharePrice"/>
  <testcase name="testcase" time="6.084" classname="automation.datadriverntesting.SharePrice"/>
  <testcase name="testcase" time="7.308" classname="automation.datadriverntesting.SharePrice"/>
  <testcase name="testcase" time="5.947" classname="automation.datadriverntesting.SharePrice"/>
  <testcase name="testcase" time="6.075" classname="automation.datadriverntesting.SharePrice"/>
  <testcase name="testcase" time="5.085" classname="automation.datadriverntesting.SharePrice"/>
  <testcase name="testcase" time="5.775" classname="automation.datadriverntesting.SharePrice"/>
  <testcase name="testcase" time="5.847" classname="automation.datadriverntesting.SharePrice"/>
  <testcase name="testcase" time="5.067" classname="automation.datadriverntesting.SharePrice"/>
  <testcase name="testcase" time="6.643" classname="automation.datadriverntesting.SharePrice"/>
  <testcase name="testcase" time="5.477" classname="automation.datadriverntesting.SharePrice"/>
  <testcase name="testcase" time="6.98" classname="automation.datadriverntesting.SharePrice"/>
  <testcase name="testcase" time="5.579" classname="automation.datadriverntesting.SharePrice"/>
  <testcase name="testcase" time="9.455" classname="automation.datadriverntesting.SharePrice"/>
  <testcase name="testcase" time="5.788" classname="automation.datadriverntesting.SharePrice"/>
  <testcase name="testcase" time="5.034" classname="automation.datadriverntesting.SharePrice"/>
  <testcase name="testcase" time="6.475" classname="automation.datadriverntesting.SharePrice"/>
  <testcase name="testcase" time="5.565" classname="automation.datadriverntesting.SharePrice"/>
  <testcase name="testcase" time="5.717" classname="automation.datadriverntesting.SharePrice"/>
  <testcase name="testcase" time="5.819" classname="automation.datadriverntesting.SharePrice"/>
  <testcase name="testcase" time="5.373" classname="automation.datadriverntesting.SharePrice"/>
  <testcase name="testcase" time="6.878" classname="automation.datadriverntesting.SharePrice"/>
  <testcase name="testcase" time="5.207" classname="automation.datadriverntesting.SharePrice"/>
  <testcase name="testcase" time="7.225" classname="automation.datadriverntesting.SharePrice"/>
  <testcase name="testcase" time="6.181" classname="automation.datadriverntesting.SharePrice"/>
  <testcase name="testcase" time="7.071" classname="automation.datadriverntesting.SharePrice"/>
  <testcase name="testcase" time="5.35" classname="automation.datadriverntesting.SharePrice"/>
  <testcase name="testcase" time="6.174" classname="automation.datadriverntesting.SharePrice"/>
  <testcase name="testcase" time="6.625" classname="automation.datadriverntesting.SharePrice"/>
  <testcase name="testcase" time="5.711" classname="automation.datadriverntesting.SharePrice"/>
  <testcase name="testcase" time="6.898" classname="automation.datadriverntesting.SharePrice"/>
  <testcase name="testcase" time="7.104" classname="automation.datadriverntesting.SharePrice"/>
  <testcase name="testcase" time="6.475" classname="automation.datadriverntesting.SharePrice"/>
  <testcase name="testcase" time="6.014" classname="automation.datadriverntesting.SharePrice"/>
  <testcase name="testcase" time="5.77" classname="automation.datadriverntesting.SharePrice"/>
  <testcase name="testcase" time="7.348" classname="automation.datadriverntesting.SharePrice"/>
  <testcase name="testcase" time="5.965" classname="automation.datadriverntesting.SharePrice"/>
  <testcase name="testcase" time="5.834" classname="automation.datadriverntesting.SharePrice"/>
  <testcase name="testcase" time="5.557" classname="automation.datadriverntesting.SharePrice"/>
  <testcase name="testcase" time="6.102" classname="automation.datadriverntesting.SharePrice"/>
  <testcase name="testcase" time="6.361" classname="automation.datadriverntesting.SharePrice"/>
  <testcase name="testcase" time="5.183" classname="automation.datadriverntesting.SharePrice"/>
  <testcase name="testcase" time="5.705" classname="automation.datadriverntesting.SharePrice"/>
  <testcase name="testcase" time="7.75" classname="automation.datadriverntesting.SharePrice"/>
  <testcase name="testcase" time="6.104" classname="automation.datadriverntesting.SharePrice"/>
  <testcase name="testcase" time="5.919" classname="automation.datadriverntesting.SharePrice"/>
  <testcase name="testcase" time="6.757" classname="automation.datadriverntesting.SharePrice"/>
  <testcase name="testcase" time="6.676" classname="automation.datadriverntesting.SharePrice"/>
  <testcase name="testcase" time="6.248" classname="automation.datadriverntesting.SharePrice"/>
  <testcase name="testcase" time="5.717" classname="automation.datadriverntesting.SharePrice"/>
  <testcase name="testcase" time="6.992" classname="automation.datadriverntesting.SharePrice"/>
  <testcase name="testcase" time="5.617" classname="automation.datadriverntesting.SharePrice"/>
  <testcase name="testcase" time="7.244" classname="automation.datadriverntesting.SharePrice"/>
  <testcase name="testcase" time="6.437" classname="automation.datadriverntesting.SharePrice"/>
  <testcase name="testcase" time="5.277" classname="automation.datadriverntesting.SharePrice"/>
  <testcase name="testcase" time="5.623" classname="automation.datadriverntesting.SharePrice"/>
  <testcase name="testcase" time="5.547" classname="automation.datadriverntesting.SharePrice"/>
  <testcase name="testcase" time="5.836" classname="automation.datadriverntesting.SharePrice"/>
  <testcase name="testcase" time="6.654" classname="automation.datadriverntesting.SharePrice"/>
  <testcase name="testcase" time="5.597" classname="automation.datadriverntesting.SharePrice"/>
  <testcase name="testcase" time="4.964" classname="automation.datadriverntesting.SharePrice"/>
  <testcase name="testcase" time="6.735" classname="automation.datadriverntesting.SharePrice"/>
  <testcase name="testcase" time="5.584" classname="automation.datadriverntesting.SharePrice"/>
  <testcase name="testcase" time="5.84" classname="automation.datadriverntesting.SharePrice"/>
  <testcase name="testcase" time="11.223" classname="automation.datadriverntesting.SharePrice"/>
  <testcase name="testcase" time="5.906" classname="automation.datadriverntesting.SharePrice"/>
  <testcase name="testcase" time="8.33" classname="automation.datadriverntesting.SharePrice"/>
  <testcase name="testcase" time="5.817" classname="automation.datadriverntesting.SharePrice"/>
  <testcase name="testcase" time="9.629" classname="automation.datadriverntesting.SharePrice"/>
  <testcase name="testcase" time="9.168" classname="automation.datadriverntesting.SharePrice"/>
  <testcase name="testcase" time="6.861" classname="automation.datadriverntesting.SharePrice"/>
  <testcase name="testcase" time="7.857" classname="automation.datadriverntesting.SharePrice"/>
  <testcase name="testcase" time="9.378" classname="automation.datadriverntesting.SharePrice"/>
  <testcase name="testcase" time="5.665" classname="automation.datadriverntesting.SharePrice"/>
  <testcase name="testcase" time="8.695" classname="automation.datadriverntesting.SharePrice"/>
  <testcase name="testcase" time="8.678" classname="automation.datadriverntesting.SharePrice"/>
  <testcase name="testcase" time="9.349" classname="automation.datadriverntesting.SharePrice"/>
  <testcase name="testcase" time="9.892" classname="automation.datadriverntesting.SharePrice"/>
  <testcase name="testcase" time="10.97" classname="automation.datadriverntesting.SharePrice"/>
  <testcase name="testcase" time="10.338" classname="automation.datadriverntesting.SharePrice"/>
  <testcase name="testcase" time="18.217" classname="automation.datadriverntesting.SharePrice"/>
  <testcase name="testcase" time="35.464" classname="automation.datadriverntesting.SharePrice"/>
  <testcase name="testcase" time="16.227" classname="automation.datadriverntesting.SharePrice"/>
  <testcase name="testcase" time="11.443" classname="automation.datadriverntesting.SharePrice"/>
  <testcase name="testcase" time="14.389" classname="automation.datadriverntesting.SharePrice"/>
  <testcase name="testcase" time="42.711" classname="automation.datadriverntesting.SharePrice"/>
  <testcase name="testcase" time="0.201" classname="automation.datadriverntesting.SharePrice"/>
  <testcase name="testcase" time="0.2" classname="automation.datadriverntesting.SharePrice"/>
  <testcase name="testcase" time="0.2" classname="automation.datadriverntesting.SharePrice"/>
  <testcase name="testcase" time="0.2" classname="automation.datadriverntesting.SharePrice"/>
  <testcase name="testcase" time="0.2" classname="automation.datadriverntesting.SharePrice"/>
  <testcase name="testcase" time="0.201" classname="automation.datadriverntesting.SharePrice"/>
  <testcase name="testcase" time="0.2" classname="automation.datadriverntesting.SharePrice"/>
  <testcase name="testcase" time="0.2" classname="automation.datadriverntesting.SharePrice"/>
  <testcase name="testcase" time="0.2" classname="automation.datadriverntesting.SharePrice"/>
  <testcase name="testcase" time="0.2" classname="automation.datadriverntesting.SharePrice"/>
  <testcase name="testcase" time="0.201" classname="automation.datadriverntesting.SharePrice"/>
  <testcase name="testcase" time="0.2" classname="automation.datadriverntesting.SharePrice"/>
  <testcase name="testcase" time="0.201" classname="automation.datadriverntesting.SharePrice"/>
  <testcase name="testcase" time="0.207" classname="automation.datadriverntesting.SharePrice"/>
  <testcase name="testcase" time="0.2" classname="automation.datadriverntesting.SharePrice"/>
  <testcase name="testcase" time="0.201" classname="automation.datadriverntesting.SharePrice"/>
  <testcase name="testcase" time="0.2" classname="automation.datadriverntesting.SharePrice"/>
  <testcase name="testcase" time="0.202" classname="automation.datadriverntesting.SharePrice"/>
  <testcase name="testcase" time="0.2" classname="automation.datadriverntesting.SharePrice"/>
  <testcase name="testcase" time="0.2" classname="automation.datadriverntesting.SharePrice"/>
  <testcase name="testcase" time="0.201" classname="automation.datadriverntesting.SharePrice"/>
  <testcase name="testcase" time="0.2" classname="automation.datadriverntesting.SharePrice"/>
  <testcase name="testcase" time="0.2" classname="automation.datadriverntesting.SharePrice"/>
  <testcase name="testcase" time="3.836" classname="automation.datadriverntesting.SharePrice"/>
  <testcase name="testcase" time="0.203" classname="automation.datadriverntesting.SharePrice"/>
  <testcase name="testcase" time="0.201" classname="automation.datadriverntesting.SharePrice"/>
  <testcase name="testcase" time="0.201" classname="automation.datadriverntesting.SharePrice"/>
  <testcase name="testcase" time="0.2" classname="automation.datadriverntesting.SharePrice"/>
  <testcase name="testcase" time="0.2" classname="automation.datadriverntesting.SharePrice"/>
  <testcase name="testcase" time="0.207" classname="automation.datadriverntesting.SharePrice"/>
  <testcase name="testcase" time="0.2" classname="automation.datadriverntesting.SharePrice"/>
  <testcase name="testcase" time="0.2" classname="automation.datadriverntesting.SharePrice"/>
  <testcase name="testcase" time="0.2" classname="automation.datadriverntesting.SharePrice"/>
  <testcase name="testcase" time="0.2" classname="automation.datadriverntesting.SharePrice"/>
  <testcase name="testcase" time="0.203" classname="automation.datadriverntesting.SharePrice"/>
  <testcase name="testcase" time="0.2" classname="automation.datadriverntesting.SharePrice"/>
  <testcase name="testcase" time="0.2" classname="automation.datadriverntesting.SharePrice"/>
  <testcase name="testcase" time="0.2" classname="automation.datadriverntesting.SharePrice"/>
  <testcase name="testcase" time="0.2" classname="automation.datadriverntesting.SharePrice"/>
  <testcase name="testcase" time="0.202" classname="automation.datadriverntesting.SharePrice"/>
  <testcase name="testcase" time="0.2" classname="automation.datadriverntesting.SharePrice"/>
  <testcase name="testcase" time="0.2" classname="automation.datadriverntesting.SharePrice"/>
  <testcase name="testcase" time="0.2" classname="automation.datadriverntesting.SharePrice"/>
  <testcase name="testcase" time="0.2" classname="automation.datadriverntesting.SharePrice"/>
  <testcase name="testcase" time="0.201" classname="automation.datadriverntesting.SharePrice"/>
  <testcase name="testcase" time="0.2" classname="automation.datadriverntesting.SharePrice"/>
  <testcase name="testcase" time="0.2" classname="automation.datadriverntesting.SharePrice"/>
  <testcase name="testcase" time="0.2" classname="automation.datadriverntesting.SharePrice"/>
  <testcase name="testcase" time="0.2" classname="automation.datadriverntesting.SharePrice"/>
  <testcase name="testcase" time="0.202" classname="automation.datadriverntesting.SharePrice"/>
  <testcase name="testcase" time="0.2" classname="automation.datadriverntesting.SharePrice"/>
  <testcase name="testcase" time="0.2" classname="automation.datadriverntesting.SharePrice"/>
  <testcase name="testcase" time="0.2" classname="automation.datadriverntesting.SharePrice"/>
  <testcase name="testcase" time="0.2" classname="automation.datadriverntesting.SharePrice"/>
  <testcase name="testcase" time="0.202" classname="automation.datadriverntesting.SharePrice"/>
  <testcase name="testcase" time="0.2" classname="automation.datadriverntesting.SharePrice"/>
  <testcase name="testcase" time="0.2" classname="automation.datadriverntesting.SharePrice"/>
  <testcase name="testcase" time="0.2" classname="automation.datadriverntesting.SharePrice"/>
  <testcase name="testcase" time="0.2" classname="automation.datadriverntesting.SharePrice"/>
  <testcase name="testcase" time="0.202" classname="automation.datadriverntesting.SharePrice"/>
  <testcase name="testcase" time="0.2" classname="automation.datadriverntesting.SharePrice"/>
  <testcase name="testcase" time="0.2" classname="automation.datadriverntesting.SharePrice"/>
  <testcase name="testcase" time="0.2" classname="automation.datadriverntesting.SharePrice"/>
  <testcase name="testcase" time="0.2" classname="automation.datadriverntesting.SharePrice"/>
  <testcase name="testcase" time="0.203" classname="automation.datadriverntesting.SharePrice"/>
  <testcase name="testcase" time="0.2" classname="automation.datadriverntesting.SharePrice"/>
  <testcase name="testcase" time="0.202" classname="automation.datadriverntesting.SharePrice"/>
  <testcase name="testcase" time="0.2" classname="automation.datadriverntesting.SharePrice"/>
  <testcase name="testcase" time="0.2" classname="automation.datadriverntesting.SharePrice"/>
  <testcase name="testcase" time="0.201" classname="automation.datadriverntesting.SharePrice"/>
  <testcase name="testcase" time="0.2" classname="automation.datadriverntesting.SharePrice"/>
  <testcase name="testcase" time="0.2" classname="automation.datadriverntesting.SharePrice"/>
  <testcase name="testcase" time="0.2" classname="automation.datadriverntesting.SharePrice"/>
  <testcase name="testcase" time="0.2" classname="automation.datadriverntesting.SharePrice"/>
  <testcase name="testcase" time="0.203" classname="automation.datadriverntesting.SharePrice"/>
  <testcase name="testcase" time="0.2" classname="automation.datadriverntesting.SharePrice"/>
  <testcase name="testcase" time="0.2" classname="automation.datadriverntesting.SharePrice"/>
  <testcase name="testcase" time="0.2" classname="automation.datadriverntesting.SharePrice"/>
  <testcase name="testcase" time="0.2" classname="automation.datadriverntesting.SharePrice"/>
  <testcase name="testcase" time="0.201" classname="automation.datadriverntesting.SharePrice"/>
  <testcase name="testcase" time="0.2" classname="automation.datadriverntesting.SharePrice"/>
  <testcase name="testcase" time="0.2" classname="automation.datadriverntesting.SharePrice"/>
  <testcase name="testcase" time="0.2" classname="automation.datadriverntesting.SharePrice"/>
  <testcase name="testcase" time="0.2" classname="automation.datadriverntesting.SharePrice"/>
  <testcase name="testcase" time="0.202" classname="automation.datadriverntesting.SharePrice"/>
  <testcase name="testcase" time="0.2" classname="automation.datadriverntesting.SharePrice"/>
  <testcase name="testcase" time="0.2" classname="automation.datadriverntesting.SharePrice"/>
  <testcase name="testcase" time="0.2" classname="automation.datadriverntesting.SharePrice"/>
  <testcase name="testcase" time="0.2" classname="automation.datadriverntesting.SharePrice"/>
  <testcase name="testcase" time="0.202" classname="automation.datadriverntesting.SharePrice"/>
  <testcase name="testcase" time="0.2" classname="automation.datadriverntesting.SharePrice"/>
  <testcase name="testcase" time="0.2" classname="automation.datadriverntesting.SharePrice"/>
  <testcase name="testcase" time="0.2" classname="automation.datadriverntesting.SharePrice"/>
  <testcase name="testcase" time="0.2" classname="automation.datadriverntesting.SharePrice"/>
  <testcase name="testcase" time="0.202" classname="automation.datadriverntesting.SharePrice"/>
  <testcase name="testcase" time="0.2" classname="automation.datadriverntesting.SharePrice"/>
  <testcase name="testcase" time="0.2" classname="automation.datadriverntesting.SharePrice"/>
  <testcase name="testcase" time="0.2" classname="automation.datadriverntesting.SharePrice"/>
  <testcase name="testcase" time="0.2" classname="automation.datadriverntesting.SharePrice"/>
  <testcase name="testcase" time="0.201" classname="automation.datadriverntesting.SharePrice"/>
  <testcase name="testcase" time="0.201" classname="automation.datadriverntesting.SharePrice"/>
  <testcase name="testcase" time="0.201" classname="automation.datadriverntesting.SharePrice"/>
  <testcase name="testcase" time="0.2" classname="automation.datadriverntesting.SharePrice"/>
  <testcase name="testcase" time="0.2" classname="automation.datadriverntesting.SharePrice"/>
  <testcase name="testcase" time="0.2" classname="automation.datadriverntesting.SharePrice"/>
  <testcase name="testcase" time="0.2" classname="automation.datadriverntesting.SharePrice"/>
  <testcase name="testcase" time="0.201" classname="automation.datadriverntesting.SharePrice"/>
  <testcase name="testcase" time="0.2" classname="automation.datadriverntesting.SharePrice"/>
  <testcase name="testcase" time="0.202" classname="automation.datadriverntesting.SharePrice"/>
  <testcase name="testcase" time="0.2" classname="automation.datadriverntesting.SharePrice"/>
  <testcase name="testcase" time="0.201" classname="automation.datadriverntesting.SharePrice"/>
  <testcase name="testcase" time="0.201" classname="automation.datadriverntesting.SharePrice"/>
  <testcase name="testcase" time="0.2" classname="automation.datadriverntesting.SharePrice"/>
  <testcase name="testcase" time="0.2" classname="automation.datadriverntesting.SharePrice"/>
  <testcase name="testcase" time="0.2" classname="automation.datadriverntesting.SharePrice"/>
  <testcase name="testcase" time="0.2" classname="automation.datadriverntesting.SharePrice"/>
  <testcase name="testcase" time="0.201" classname="automation.datadriverntesting.SharePrice"/>
  <testcase name="testcase" time="0.2" classname="automation.datadriverntesting.SharePrice"/>
  <testcase name="testcase" time="0.2" classname="automation.datadriverntesting.SharePrice"/>
  <testcase name="testcase" time="0.2" classname="automation.datadriverntesting.SharePrice"/>
  <testcase name="testcase" time="0.201" classname="automation.datadriverntesting.SharePrice"/>
  <testcase name="testcase" time="0.201" classname="automation.datadriverntesting.SharePrice"/>
  <testcase name="testcase" time="0.2" classname="automation.datadriverntesting.SharePrice"/>
  <testcase name="testcase" time="0.2" classname="automation.datadriverntesting.SharePrice"/>
  <testcase name="testcase" time="0.2" classname="automation.datadriverntesting.SharePrice"/>
  <testcase name="testcase" time="0.2" classname="automation.datadriverntesting.SharePrice"/>
  <testcase name="testcase" time="0.201" classname="automation.datadriverntesting.SharePrice"/>
  <testcase name="testcase" time="0.2" classname="automation.datadriverntesting.SharePrice"/>
  <testcase name="testcase" time="0.2" classname="automation.datadriverntesting.SharePrice"/>
  <testcase name="testcase" time="0.2" classname="automation.datadriverntesting.SharePrice"/>
  <testcase name="testcase" time="0.201" classname="automation.datadriverntesting.SharePrice"/>
  <testcase name="testcase" time="0.201" classname="automation.datadriverntesting.SharePrice"/>
  <testcase name="testcase" time="0.2" classname="automation.datadriverntesting.SharePrice"/>
  <testcase name="testcase" time="0.2" classname="automation.datadriverntesting.SharePrice"/>
  <testcase name="testcase" time="0.2" classname="automation.datadriverntesting.SharePrice"/>
  <testcase name="testcase" time="0.2" classname="automation.datadriverntesting.SharePrice"/>
  <testcase name="testcase" time="0.201" classname="automation.datadriverntesting.SharePrice"/>
  <testcase name="testcase" time="0.2" classname="automation.datadriverntesting.SharePrice"/>
  <testcase name="testcase" time="0.2" classname="automation.datadriverntesting.SharePrice"/>
  <testcase name="testcase" time="0.2" classname="automation.datadriverntesting.SharePrice"/>
  <testcase name="testcase" time="0.2" classname="automation.datadriverntesting.SharePrice"/>
  <testcase name="testcase" time="0.201" classname="automation.datadriverntesting.SharePrice"/>
  <testcase name="testcase" time="0.2" classname="automation.datadriverntesting.SharePrice"/>
  <testcase name="testcase" time="0.2" classname="automation.datadriverntesting.SharePrice"/>
  <testcase name="testcase" time="0.2" classname="automation.datadriverntesting.SharePrice"/>
  <testcase name="testcase" time="0.202" classname="automation.datadriverntesting.SharePrice"/>
  <testcase name="testcase" time="0.201" classname="automation.datadriverntesting.SharePrice"/>
  <testcase name="testcase" time="0.2" classname="automation.datadriverntesting.SharePrice"/>
  <testcase name="testcase" time="0.2" classname="automation.datadriverntesting.SharePrice"/>
  <testcase name="testcase" time="0.2" classname="automation.datadriverntesting.SharePrice"/>
  <testcase name="testcase" time="0.201" classname="automation.datadriverntesting.SharePrice"/>
  <testcase name="testcase" time="0.201" classname="automation.datadriverntesting.SharePrice"/>
  <testcase name="testcase" time="0.2" classname="automation.datadriverntesting.SharePrice"/>
  <testcase name="testcase" time="0.2" classname="automation.datadriverntesting.SharePrice"/>
  <testcase name="testcase" time="0.2" classname="automation.datadriverntesting.SharePrice"/>
  <testcase name="testcase" time="0.201" classname="automation.datadriverntesting.SharePrice"/>
  <testcase name="testcase" time="0.201" classname="automation.datadriverntesting.SharePrice"/>
  <testcase name="testcase" time="0.2" classname="automation.datadriverntesting.SharePrice"/>
  <testcase name="testcase" time="0.2" classname="automation.datadriverntesting.SharePrice"/>
  <testcase name="testcase" time="0.2" classname="automation.datadriverntesting.SharePrice"/>
  <testcase name="testcase" time="0.201" classname="automation.datadriverntesting.SharePrice"/>
  <testcase name="testcase" time="0.201" classname="automation.datadriverntesting.SharePrice"/>
  <testcase name="testcase" time="0.2" classname="automation.datadriverntesting.SharePrice"/>
  <testcase name="testcase" time="0.2" classname="automation.datadriverntesting.SharePrice"/>
  <testcase name="testcase" time="0.21" classname="automation.datadriverntesting.SharePrice"/>
  <testcase name="testcase" time="0.204" classname="automation.datadriverntesting.SharePrice"/>
  <testcase name="testcase" time="0.201" classname="automation.datadriverntesting.SharePrice"/>
  <testcase name="testcase" time="0.2" classname="automation.datadriverntesting.SharePrice"/>
  <testcase name="testcase" time="0.2" classname="automation.datadriverntesting.SharePrice"/>
  <testcase name="testcase" time="0.2" classname="automation.datadriverntesting.SharePrice"/>
  <testcase name="testcase" time="0.2" classname="automation.datadriverntesting.SharePrice"/>
  <testcase name="testcase" time="0.201" classname="automation.datadriverntesting.SharePrice"/>
  <testcase name="testcase" time="0.2" classname="automation.datadriverntesting.SharePrice"/>
  <testcase name="testcase" time="0.2" classname="automation.datadriverntesting.SharePrice"/>
  <testcase name="testcase" time="0.2" classname="automation.datadriverntesting.SharePrice"/>
  <testcase name="testcase" time="0.201" classname="automation.datadriverntesting.SharePrice"/>
  <testcase name="testcase" time="1.916" classname="automation.datadriverntesting.SharePrice"/>
  <testcase name="testcase" time="0.201" classname="automation.datadriverntesting.SharePrice"/>
  <testcase name="testcase" time="0.2" classname="automation.datadriverntesting.SharePrice"/>
  <testcase name="testcase" time="0.2" classname="automation.datadriverntesting.SharePrice"/>
  <testcase name="testcase" time="0.2" classname="automation.datadriverntesting.SharePrice"/>
  <testcase name="testcase" time="0.201" classname="automation.datadriverntesting.SharePrice"/>
  <testcase name="testcase" time="0.201" classname="automation.datadriverntesting.SharePrice"/>
  <testcase name="testcase" time="0.2" classname="automation.datadriverntesting.SharePrice"/>
  <testcase name="testcase" time="0.2" classname="automation.datadriverntesting.SharePrice"/>
  <testcase name="testcase" time="0.2" classname="automation.datadriverntesting.SharePrice"/>
  <testcase name="testcase" time="0.2" classname="automation.datadriverntesting.SharePrice"/>
  <testcase name="testcase" time="0.202" classname="automation.datadriverntesting.SharePrice"/>
  <testcase name="testcase" time="0.2" classname="automation.datadriverntesting.SharePrice"/>
</testsuite> <!-- Default test -->
