<?xml version="1.0" encoding="UTF-8"?>
<testng-results skipped="0" failed="0" ignored="0" total="369" passed="369">
  <reporter-output>
  </reporter-output>
  <suite name="Default suite" duration-ms="1343089" started-at="2017-08-15T12:35:58Z" finished-at="2017-08-15T12:58:21Z">
    <groups>
    </groups>
    <test name="Default test" duration-ms="1343089" started-at="2017-08-15T12:35:58Z" finished-at="2017-08-15T12:58:21Z">
      <class name="automation.datadriverntesting.SharePrice">
        <test-method status="PASS" signature="inint()[pri:0, instance:automation.datadriverntesting.SharePrice@735b5592]" name="inint" is-config="true" duration-ms="9086" started-at="2017-08-15T18:05:58Z" finished-at="2017-08-15T18:06:07Z">
          <reporter-output>
          </reporter-output>
        </test-method> <!-- inint -->
        <test-method status="PASS" signature="testcase(java.lang.String)[pri:0, instance:automation.datadriverntesting.SharePrice@735b5592]" name="testcase" duration-ms="17122" started-at="2017-08-15T18:06:08Z" data-provider="td1" finished-at="2017-08-15T18:06:25Z">
          <params>
            <param index="0">
              <value>
                <![CDATA[Westlife Development Ltd.]]>
              </value>
            </param>
          </params>
          <reporter-output>
          </reporter-output>
        </test-method> <!-- testcase -->
        <test-method status="PASS" signature="testcase(java.lang.String)[pri:0, instance:automation.datadriverntesting.SharePrice@735b5592]" name="testcase" duration-ms="6749" started-at="2017-08-15T18:06:25Z" data-provider="td1" finished-at="2017-08-15T18:06:32Z">
          <params>
            <param index="0">
              <value>
                <![CDATA[Solar Industries India Ltd.]]>
              </value>
            </param>
          </params>
          <reporter-output>
          </reporter-output>
        </test-method> <!-- testcase -->
        <test-method status="PASS" signature="testcase(java.lang.String)[pri:0, instance:automation.datadriverntesting.SharePrice@735b5592]" name="testcase" duration-ms="6201" started-at="2017-08-15T18:06:32Z" data-provider="td1" finished-at="2017-08-15T18:06:38Z">
          <params>
            <param index="0">
              <value>
                <![CDATA[Orient Refractories Ltd.]]>
              </value>
            </param>
          </params>
          <reporter-output>
          </reporter-output>
        </test-method> <!-- testcase -->
        <test-method status="PASS" signature="testcase(java.lang.String)[pri:0, instance:automation.datadriverntesting.SharePrice@735b5592]" name="testcase" duration-ms="5086" started-at="2017-08-15T18:06:38Z" data-provider="td1" finished-at="2017-08-15T18:06:44Z">
          <params>
            <param index="0">
              <value>
                <![CDATA[Relaxo Footwear]]>
              </value>
            </param>
          </params>
          <reporter-output>
          </reporter-output>
        </test-method> <!-- testcase -->
        <test-method status="PASS" signature="testcase(java.lang.String)[pri:0, instance:automation.datadriverntesting.SharePrice@735b5592]" name="testcase" duration-ms="5863" started-at="2017-08-15T18:06:44Z" data-provider="td1" finished-at="2017-08-15T18:06:49Z">
          <params>
            <param index="0">
              <value>
                <![CDATA[Elgi Equipments Ltd.]]>
              </value>
            </param>
          </params>
          <reporter-output>
          </reporter-output>
        </test-method> <!-- testcase -->
        <test-method status="PASS" signature="testcase(java.lang.String)[pri:0, instance:automation.datadriverntesting.SharePrice@735b5592]" name="testcase" duration-ms="5109" started-at="2017-08-15T18:06:49Z" data-provider="td1" finished-at="2017-08-15T18:06:54Z">
          <params>
            <param index="0">
              <value>
                <![CDATA[Atul Ltd.]]>
              </value>
            </param>
          </params>
          <reporter-output>
          </reporter-output>
        </test-method> <!-- testcase -->
        <test-method status="PASS" signature="testcase(java.lang.String)[pri:0, instance:automation.datadriverntesting.SharePrice@735b5592]" name="testcase" duration-ms="6308" started-at="2017-08-15T18:06:54Z" data-provider="td1" finished-at="2017-08-15T18:07:01Z">
          <params>
            <param index="0">
              <value>
                <![CDATA[Kirloskar Oil Engines Ltd.]]>
              </value>
            </param>
          </params>
          <reporter-output>
          </reporter-output>
        </test-method> <!-- testcase -->
        <test-method status="PASS" signature="testcase(java.lang.String)[pri:0, instance:automation.datadriverntesting.SharePrice@735b5592]" name="testcase" duration-ms="5713" started-at="2017-08-15T18:07:01Z" data-provider="td1" finished-at="2017-08-15T18:07:07Z">
          <params>
            <param index="0">
              <value>
                <![CDATA[Graphite India Ltd.]]>
              </value>
            </param>
          </params>
          <reporter-output>
          </reporter-output>
        </test-method> <!-- testcase -->
        <test-method status="PASS" signature="testcase(java.lang.String)[pri:0, instance:automation.datadriverntesting.SharePrice@735b5592]" name="testcase" duration-ms="5953" started-at="2017-08-15T18:07:07Z" data-provider="td1" finished-at="2017-08-15T18:07:12Z">
          <params>
            <param index="0">
              <value>
                <![CDATA[Greenply Industries Ltd.]]>
              </value>
            </param>
          </params>
          <reporter-output>
          </reporter-output>
        </test-method> <!-- testcase -->
        <test-method status="PASS" signature="testcase(java.lang.String)[pri:0, instance:automation.datadriverntesting.SharePrice@735b5592]" name="testcase" duration-ms="7175" started-at="2017-08-15T18:07:12Z" data-provider="td1" finished-at="2017-08-15T18:07:20Z">
          <params>
            <param index="0">
              <value>
                <![CDATA[Hawkins Cooker Ltd.]]>
              </value>
            </param>
          </params>
          <reporter-output>
          </reporter-output>
        </test-method> <!-- testcase -->
        <test-method status="PASS" signature="testcase(java.lang.String)[pri:0, instance:automation.datadriverntesting.SharePrice@735b5592]" name="testcase" duration-ms="4935" started-at="2017-08-15T18:07:20Z" data-provider="td1" finished-at="2017-08-15T18:07:25Z">
          <params>
            <param index="0">
              <value>
                <![CDATA[Gabriel India Ltd.]]>
              </value>
            </param>
          </params>
          <reporter-output>
          </reporter-output>
        </test-method> <!-- testcase -->
        <test-method status="PASS" signature="testcase(java.lang.String)[pri:0, instance:automation.datadriverntesting.SharePrice@735b5592]" name="testcase" duration-ms="5357" started-at="2017-08-15T18:07:25Z" data-provider="td1" finished-at="2017-08-15T18:07:30Z">
          <params>
            <param index="0">
              <value>
                <![CDATA[Sheela Foam Ltd.]]>
              </value>
            </param>
          </params>
          <reporter-output>
          </reporter-output>
        </test-method> <!-- testcase -->
        <test-method status="PASS" signature="testcase(java.lang.String)[pri:0, instance:automation.datadriverntesting.SharePrice@735b5592]" name="testcase" duration-ms="6014" started-at="2017-08-15T18:07:30Z" data-provider="td1" finished-at="2017-08-15T18:07:36Z">
          <params>
            <param index="0">
              <value>
                <![CDATA[Thangamayil Jewellery Ltd.]]>
              </value>
            </param>
          </params>
          <reporter-output>
          </reporter-output>
        </test-method> <!-- testcase -->
        <test-method status="PASS" signature="testcase(java.lang.String)[pri:0, instance:automation.datadriverntesting.SharePrice@735b5592]" name="testcase" duration-ms="4801" started-at="2017-08-15T18:07:36Z" data-provider="td1" finished-at="2017-08-15T18:07:41Z">
          <params>
            <param index="0">
              <value>
                <![CDATA[Nesco Ltd.]]>
              </value>
            </param>
          </params>
          <reporter-output>
          </reporter-output>
        </test-method> <!-- testcase -->
        <test-method status="PASS" signature="testcase(java.lang.String)[pri:0, instance:automation.datadriverntesting.SharePrice@735b5592]" name="testcase" duration-ms="5846" started-at="2017-08-15T18:07:41Z" data-provider="td1" finished-at="2017-08-15T18:07:47Z">
          <params>
            <param index="0">
              <value>
                <![CDATA[Power Mech Projects Ltd.]]>
              </value>
            </param>
          </params>
          <reporter-output>
          </reporter-output>
        </test-method> <!-- testcase -->
        <test-method status="PASS" signature="testcase(java.lang.String)[pri:0, instance:automation.datadriverntesting.SharePrice@735b5592]" name="testcase" duration-ms="5816" started-at="2017-08-15T18:07:47Z" data-provider="td1" finished-at="2017-08-15T18:07:52Z">
          <params>
            <param index="0">
              <value>
                <![CDATA[Ganesha Ecosphere Ltd.]]>
              </value>
            </param>
          </params>
          <reporter-output>
          </reporter-output>
        </test-method> <!-- testcase -->
        <test-method status="PASS" signature="testcase(java.lang.String)[pri:0, instance:automation.datadriverntesting.SharePrice@735b5592]" name="testcase" duration-ms="5926" started-at="2017-08-15T18:07:52Z" data-provider="td1" finished-at="2017-08-15T18:07:58Z">
          <params>
            <param index="0">
              <value>
                <![CDATA[Fairchem Speciality Ltd.]]>
              </value>
            </param>
          </params>
          <reporter-output>
          </reporter-output>
        </test-method> <!-- testcase -->
        <test-method status="PASS" signature="testcase(java.lang.String)[pri:0, instance:automation.datadriverntesting.SharePrice@735b5592]" name="testcase" duration-ms="5329" started-at="2017-08-15T18:07:58Z" data-provider="td1" finished-at="2017-08-15T18:08:04Z">
          <params>
            <param index="0">
              <value>
                <![CDATA[Avanti Feeds Ltd.]]>
              </value>
            </param>
          </params>
          <reporter-output>
          </reporter-output>
        </test-method> <!-- testcase -->
        <test-method status="PASS" signature="testcase(java.lang.String)[pri:0, instance:automation.datadriverntesting.SharePrice@735b5592]" name="testcase" duration-ms="6445" started-at="2017-08-15T18:08:04Z" data-provider="td1" finished-at="2017-08-15T18:08:10Z">
          <params>
            <param index="0">
              <value>
                <![CDATA[AU Small Finance Bank Ltd.]]>
              </value>
            </param>
          </params>
          <reporter-output>
          </reporter-output>
        </test-method> <!-- testcase -->
        <test-method status="PASS" signature="testcase(java.lang.String)[pri:0, instance:automation.datadriverntesting.SharePrice@735b5592]" name="testcase" duration-ms="5991" started-at="2017-08-15T18:08:10Z" data-provider="td1" finished-at="2017-08-15T18:08:16Z">
          <params>
            <param index="0">
              <value>
                <![CDATA[Rajratan Global Wire Ltd.]]>
              </value>
            </param>
          </params>
          <reporter-output>
          </reporter-output>
        </test-method> <!-- testcase -->
        <test-method status="PASS" signature="testcase(java.lang.String)[pri:0, instance:automation.datadriverntesting.SharePrice@735b5592]" name="testcase" duration-ms="6174" started-at="2017-08-15T18:08:16Z" data-provider="td1" finished-at="2017-08-15T18:08:22Z">
          <params>
            <param index="0">
              <value>
                <![CDATA[Divis Laboratories Ltd.]]>
              </value>
            </param>
          </params>
          <reporter-output>
          </reporter-output>
        </test-method> <!-- testcase -->
        <test-method status="PASS" signature="testcase(java.lang.String)[pri:0, instance:automation.datadriverntesting.SharePrice@735b5592]" name="testcase" duration-ms="7472" started-at="2017-08-15T18:08:22Z" data-provider="td1" finished-at="2017-08-15T18:08:30Z">
          <params>
            <param index="0">
              <value>
                <![CDATA[Gufic Biosciences Ltd.]]>
              </value>
            </param>
          </params>
          <reporter-output>
          </reporter-output>
        </test-method> <!-- testcase -->
        <test-method status="PASS" signature="testcase(java.lang.String)[pri:0, instance:automation.datadriverntesting.SharePrice@735b5592]" name="testcase" duration-ms="6152" started-at="2017-08-15T18:08:30Z" data-provider="td1" finished-at="2017-08-15T18:08:36Z">
          <params>
            <param index="0">
              <value>
                <![CDATA[Himadri Speciality Chemical Ltd.]]>
              </value>
            </param>
          </params>
          <reporter-output>
          </reporter-output>
        </test-method> <!-- testcase -->
        <test-method status="PASS" signature="testcase(java.lang.String)[pri:0, instance:automation.datadriverntesting.SharePrice@735b5592]" name="testcase" duration-ms="6086" started-at="2017-08-15T18:08:36Z" data-provider="td1" finished-at="2017-08-15T18:08:42Z">
          <params>
            <param index="0">
              <value>
                <![CDATA[UFO Moviez India Ltd.]]>
              </value>
            </param>
          </params>
          <reporter-output>
          </reporter-output>
        </test-method> <!-- testcase -->
        <test-method status="PASS" signature="testcase(java.lang.String)[pri:0, instance:automation.datadriverntesting.SharePrice@735b5592]" name="testcase" duration-ms="7681" started-at="2017-08-15T18:08:42Z" data-provider="td1" finished-at="2017-08-15T18:08:50Z">
          <params>
            <param index="0">
              <value>
                <![CDATA[KCP Ltd.]]>
              </value>
            </param>
          </params>
          <reporter-output>
          </reporter-output>
        </test-method> <!-- testcase -->
        <test-method status="PASS" signature="testcase(java.lang.String)[pri:0, instance:automation.datadriverntesting.SharePrice@735b5592]" name="testcase" duration-ms="9093" started-at="2017-08-15T18:08:50Z" data-provider="td1" finished-at="2017-08-15T18:08:59Z">
          <params>
            <param index="0">
              <value>
                <![CDATA[Allcargo Logistics Ltd.]]>
              </value>
            </param>
          </params>
          <reporter-output>
          </reporter-output>
        </test-method> <!-- testcase -->
        <test-method status="PASS" signature="testcase(java.lang.String)[pri:0, instance:automation.datadriverntesting.SharePrice@735b5592]" name="testcase" duration-ms="6335" started-at="2017-08-15T18:08:59Z" data-provider="td1" finished-at="2017-08-15T18:09:05Z">
          <params>
            <param index="0">
              <value>
                <![CDATA[Garware-Wall Ropes Ltd.]]>
              </value>
            </param>
          </params>
          <reporter-output>
          </reporter-output>
        </test-method> <!-- testcase -->
        <test-method status="PASS" signature="testcase(java.lang.String)[pri:0, instance:automation.datadriverntesting.SharePrice@735b5592]" name="testcase" duration-ms="5681" started-at="2017-08-15T18:09:05Z" data-provider="td1" finished-at="2017-08-15T18:09:11Z">
          <params>
            <param index="0">
              <value>
                <![CDATA[Laurus Labs Ltd.]]>
              </value>
            </param>
          </params>
          <reporter-output>
          </reporter-output>
        </test-method> <!-- testcase -->
        <test-method status="PASS" signature="testcase(java.lang.String)[pri:0, instance:automation.datadriverntesting.SharePrice@735b5592]" name="testcase" duration-ms="5902" started-at="2017-08-15T18:09:11Z" data-provider="td1" finished-at="2017-08-15T18:09:17Z">
          <params>
            <param index="0">
              <value>
                <![CDATA[TV Today Network Ltd.]]>
              </value>
            </param>
          </params>
          <reporter-output>
          </reporter-output>
        </test-method> <!-- testcase -->
        <test-method status="PASS" signature="testcase(java.lang.String)[pri:0, instance:automation.datadriverntesting.SharePrice@735b5592]" name="testcase" duration-ms="4000" started-at="2017-08-15T18:09:17Z" data-provider="td1" finished-at="2017-08-15T18:09:21Z">
          <params>
            <param index="0">
              <value>
                <![CDATA[V2 Retail Ltd. ]]>
              </value>
            </param>
          </params>
          <reporter-output>
          </reporter-output>
        </test-method> <!-- testcase -->
        <test-method status="PASS" signature="testcase(java.lang.String)[pri:0, instance:automation.datadriverntesting.SharePrice@735b5592]" name="testcase" duration-ms="7670" started-at="2017-08-15T18:09:21Z" data-provider="td1" finished-at="2017-08-15T18:09:28Z">
          <params>
            <param index="0">
              <value>
                <![CDATA[Housing Development Finance Corporation Ltd.]]>
              </value>
            </param>
          </params>
          <reporter-output>
          </reporter-output>
        </test-method> <!-- testcase -->
        <test-method status="PASS" signature="testcase(java.lang.String)[pri:0, instance:automation.datadriverntesting.SharePrice@735b5592]" name="testcase" duration-ms="6266" started-at="2017-08-15T18:09:28Z" data-provider="td1" finished-at="2017-08-15T18:09:35Z">
          <params>
            <param index="0">
              <value>
                <![CDATA[HDFC Bank Ltd.]]>
              </value>
            </param>
          </params>
          <reporter-output>
          </reporter-output>
        </test-method> <!-- testcase -->
        <test-method status="PASS" signature="testcase(java.lang.String)[pri:0, instance:automation.datadriverntesting.SharePrice@735b5592]" name="testcase" duration-ms="6299" started-at="2017-08-15T18:09:35Z" data-provider="td1" finished-at="2017-08-15T18:09:41Z">
          <params>
            <param index="0">
              <value>
                <![CDATA[Maruti Suzuki India Ltd.]]>
              </value>
            </param>
          </params>
          <reporter-output>
          </reporter-output>
        </test-method> <!-- testcase -->
        <test-method status="PASS" signature="testcase(java.lang.String)[pri:0, instance:automation.datadriverntesting.SharePrice@735b5592]" name="testcase" duration-ms="6291" started-at="2017-08-15T18:09:41Z" data-provider="td1" finished-at="2017-08-15T18:09:47Z">
          <params>
            <param index="0">
              <value>
                <![CDATA[IndusInd Bank Ltd.]]>
              </value>
            </param>
          </params>
          <reporter-output>
          </reporter-output>
        </test-method> <!-- testcase -->
        <test-method status="PASS" signature="testcase(java.lang.String)[pri:0, instance:automation.datadriverntesting.SharePrice@735b5592]" name="testcase" duration-ms="7137" started-at="2017-08-15T18:09:47Z" data-provider="td1" finished-at="2017-08-15T18:09:54Z">
          <params>
            <param index="0">
              <value>
                <![CDATA[Hindustan Petroleum Corporation Ltd.]]>
              </value>
            </param>
          </params>
          <reporter-output>
          </reporter-output>
        </test-method> <!-- testcase -->
        <test-method status="PASS" signature="testcase(java.lang.String)[pri:0, instance:automation.datadriverntesting.SharePrice@735b5592]" name="testcase" duration-ms="6559" started-at="2017-08-15T18:09:54Z" data-provider="td1" finished-at="2017-08-15T18:10:01Z">
          <params>
            <param index="0">
              <value>
                <![CDATA[Bharat Petroleum Corporation Ltd.]]>
              </value>
            </param>
          </params>
          <reporter-output>
          </reporter-output>
        </test-method> <!-- testcase -->
        <test-method status="PASS" signature="testcase(java.lang.String)[pri:0, instance:automation.datadriverntesting.SharePrice@735b5592]" name="testcase" duration-ms="5715" started-at="2017-08-15T18:10:01Z" data-provider="td1" finished-at="2017-08-15T18:10:07Z">
          <params>
            <param index="0">
              <value>
                <![CDATA[Eicher Motors Ltd.]]>
              </value>
            </param>
          </params>
          <reporter-output>
          </reporter-output>
        </test-method> <!-- testcase -->
        <test-method status="PASS" signature="testcase(java.lang.String)[pri:0, instance:automation.datadriverntesting.SharePrice@735b5592]" name="testcase" duration-ms="6867" started-at="2017-08-15T18:10:07Z" data-provider="td1" finished-at="2017-08-15T18:10:14Z">
          <params>
            <param index="0">
              <value>
                <![CDATA[PNB Housing Finance Ltd.]]>
              </value>
            </param>
          </params>
          <reporter-output>
          </reporter-output>
        </test-method> <!-- testcase -->
        <test-method status="PASS" signature="testcase(java.lang.String)[pri:0, instance:automation.datadriverntesting.SharePrice@735b5592]" name="testcase" duration-ms="5963" started-at="2017-08-15T18:10:14Z" data-provider="td1" finished-at="2017-08-15T18:10:19Z">
          <params>
            <param index="0">
              <value>
                <![CDATA[Bajaj Finance Ltd.]]>
              </value>
            </param>
          </params>
          <reporter-output>
          </reporter-output>
        </test-method> <!-- testcase -->
        <test-method status="PASS" signature="testcase(java.lang.String)[pri:0, instance:automation.datadriverntesting.SharePrice@735b5592]" name="testcase" duration-ms="5646" started-at="2017-08-15T18:10:19Z" data-provider="td1" finished-at="2017-08-15T18:10:25Z">
          <params>
            <param index="0">
              <value>
                <![CDATA[Max Financial Services Ltd.]]>
              </value>
            </param>
          </params>
          <reporter-output>
          </reporter-output>
        </test-method> <!-- testcase -->
        <test-method status="PASS" signature="testcase(java.lang.String)[pri:0, instance:automation.datadriverntesting.SharePrice@735b5592]" name="testcase" duration-ms="5809" started-at="2017-08-15T18:10:25Z" data-provider="td1" finished-at="2017-08-15T18:10:31Z">
          <params>
            <param index="0">
              <value>
                <![CDATA[Jubilant Life Sciences Ltd.]]>
              </value>
            </param>
          </params>
          <reporter-output>
          </reporter-output>
        </test-method> <!-- testcase -->
        <test-method status="PASS" signature="testcase(java.lang.String)[pri:0, instance:automation.datadriverntesting.SharePrice@735b5592]" name="testcase" duration-ms="7283" started-at="2017-08-15T18:10:31Z" data-provider="td1" finished-at="2017-08-15T18:10:38Z">
          <params>
            <param index="0">
              <value>
                <![CDATA[Interglobe Aviation Ltd.]]>
              </value>
            </param>
          </params>
          <reporter-output>
          </reporter-output>
        </test-method> <!-- testcase -->
        <test-method status="PASS" signature="testcase(java.lang.String)[pri:0, instance:automation.datadriverntesting.SharePrice@735b5592]" name="testcase" duration-ms="6990" started-at="2017-08-15T18:10:38Z" data-provider="td1" finished-at="2017-08-15T18:10:45Z">
          <params>
            <param index="0">
              <value>
                <![CDATA[Petronet Lng Ltd.]]>
              </value>
            </param>
          </params>
          <reporter-output>
          </reporter-output>
        </test-method> <!-- testcase -->
        <test-method status="PASS" signature="testcase(java.lang.String)[pri:0, instance:automation.datadriverntesting.SharePrice@735b5592]" name="testcase" duration-ms="5998" started-at="2017-08-15T18:10:45Z" data-provider="td1" finished-at="2017-08-15T18:10:51Z">
          <params>
            <param index="0">
              <value>
                <![CDATA[United Spirits Ltd.]]>
              </value>
            </param>
          </params>
          <reporter-output>
          </reporter-output>
        </test-method> <!-- testcase -->
        <test-method status="PASS" signature="testcase(java.lang.String)[pri:0, instance:automation.datadriverntesting.SharePrice@735b5592]" name="testcase" duration-ms="5629" started-at="2017-08-15T18:10:51Z" data-provider="td1" finished-at="2017-08-15T18:10:57Z">
          <params>
            <param index="0">
              <value>
                <![CDATA[RBL Bank Ltd.]]>
              </value>
            </param>
          </params>
          <reporter-output>
          </reporter-output>
        </test-method> <!-- testcase -->
        <test-method status="PASS" signature="testcase(java.lang.String)[pri:0, instance:automation.datadriverntesting.SharePrice@735b5592]" name="testcase" duration-ms="5913" started-at="2017-08-15T18:10:57Z" data-provider="td1" finished-at="2017-08-15T18:11:03Z">
          <params>
            <param index="0">
              <value>
                <![CDATA[Britannia Industries Ltd.]]>
              </value>
            </param>
          </params>
          <reporter-output>
          </reporter-output>
        </test-method> <!-- testcase -->
        <test-method status="PASS" signature="testcase(java.lang.String)[pri:0, instance:automation.datadriverntesting.SharePrice@735b5592]" name="testcase" duration-ms="5984" started-at="2017-08-15T18:11:03Z" data-provider="td1" finished-at="2017-08-15T18:11:09Z">
          <params>
            <param index="0">
              <value>
                <![CDATA[Alkem Laboratories Ltd.]]>
              </value>
            </param>
          </params>
          <reporter-output>
          </reporter-output>
        </test-method> <!-- testcase -->
        <test-method status="PASS" signature="testcase(java.lang.String)[pri:0, instance:automation.datadriverntesting.SharePrice@735b5592]" name="testcase" duration-ms="9669" started-at="2017-08-15T18:11:09Z" data-provider="td1" finished-at="2017-08-15T18:11:18Z">
          <params>
            <param index="0">
              <value>
                <![CDATA[Manpasand Beverages Ltd.]]>
              </value>
            </param>
          </params>
          <reporter-output>
          </reporter-output>
        </test-method> <!-- testcase -->
        <test-method status="PASS" signature="testcase(java.lang.String)[pri:0, instance:automation.datadriverntesting.SharePrice@735b5592]" name="testcase" duration-ms="6034" started-at="2017-08-15T18:11:18Z" data-provider="td1" finished-at="2017-08-15T18:11:24Z">
          <params>
            <param index="0">
              <value>
                <![CDATA[Ajanta Pharma Ltd.]]>
              </value>
            </param>
          </params>
          <reporter-output>
          </reporter-output>
        </test-method> <!-- testcase -->
        <test-method status="PASS" signature="testcase(java.lang.String)[pri:0, instance:automation.datadriverntesting.SharePrice@735b5592]" name="testcase" duration-ms="5816" started-at="2017-08-15T18:11:24Z" data-provider="td1" finished-at="2017-08-15T18:11:30Z">
          <params>
            <param index="0">
              <value>
                <![CDATA[Eris Lifesciences Ltd.]]>
              </value>
            </param>
          </params>
          <reporter-output>
          </reporter-output>
        </test-method> <!-- testcase -->
        <test-method status="PASS" signature="testcase(java.lang.String)[pri:0, instance:automation.datadriverntesting.SharePrice@735b5592]" name="testcase" duration-ms="5573" started-at="2017-08-15T18:11:30Z" data-provider="td1" finished-at="2017-08-15T18:11:36Z">
          <params>
            <param index="0">
              <value>
                <![CDATA[Avenue Supermarts Ltd.]]>
              </value>
            </param>
          </params>
          <reporter-output>
          </reporter-output>
        </test-method> <!-- testcase -->
        <test-method status="PASS" signature="testcase(java.lang.String)[pri:0, instance:automation.datadriverntesting.SharePrice@735b5592]" name="testcase" duration-ms="6205" started-at="2017-08-15T18:11:36Z" data-provider="td1" finished-at="2017-08-15T18:11:42Z">
          <params>
            <param index="0">
              <value>
                <![CDATA[Advanced Enzyme Technologies Ltd.]]>
              </value>
            </param>
          </params>
          <reporter-output>
          </reporter-output>
        </test-method> <!-- testcase -->
        <test-method status="PASS" signature="testcase(java.lang.String)[pri:0, instance:automation.datadriverntesting.SharePrice@735b5592]" name="testcase" duration-ms="5326" started-at="2017-08-15T18:11:42Z" data-provider="td1" finished-at="2017-08-15T18:11:47Z">
          <params>
            <param index="0">
              <value>
                <![CDATA[Federal Bank Ltd.]]>
              </value>
            </param>
          </params>
          <reporter-output>
          </reporter-output>
        </test-method> <!-- testcase -->
        <test-method status="PASS" signature="testcase(java.lang.String)[pri:0, instance:automation.datadriverntesting.SharePrice@735b5592]" name="testcase" duration-ms="6956" started-at="2017-08-15T18:11:47Z" data-provider="td1" finished-at="2017-08-15T18:11:54Z">
          <params>
            <param index="0">
              <value>
                <![CDATA[Kotak Mahindra Bank Ltd.]]>
              </value>
            </param>
          </params>
          <reporter-output>
          </reporter-output>
        </test-method> <!-- testcase -->
        <test-method status="PASS" signature="testcase(java.lang.String)[pri:0, instance:automation.datadriverntesting.SharePrice@735b5592]" name="testcase" duration-ms="5661" started-at="2017-08-15T18:11:54Z" data-provider="td1" finished-at="2017-08-15T18:12:00Z">
          <params>
            <param index="0">
              <value>
                <![CDATA[Ceat Ltd.]]>
              </value>
            </param>
          </params>
          <reporter-output>
          </reporter-output>
        </test-method> <!-- testcase -->
        <test-method status="PASS" signature="testcase(java.lang.String)[pri:0, instance:automation.datadriverntesting.SharePrice@735b5592]" name="testcase" duration-ms="20151" started-at="2017-08-15T18:12:00Z" data-provider="td1" finished-at="2017-08-15T18:12:20Z">
          <params>
            <param index="0">
              <value>
                <![CDATA[ICICI Bank Ltd.]]>
              </value>
            </param>
          </params>
          <reporter-output>
          </reporter-output>
        </test-method> <!-- testcase -->
        <test-method status="PASS" signature="testcase(java.lang.String)[pri:0, instance:automation.datadriverntesting.SharePrice@735b5592]" name="testcase" duration-ms="4812" started-at="2017-08-15T18:12:20Z" data-provider="td1" finished-at="2017-08-15T18:12:25Z">
          <params>
            <param index="0">
              <value>
                <![CDATA[Tata Steel Ltd.]]>
              </value>
            </param>
          </params>
          <reporter-output>
          </reporter-output>
        </test-method> <!-- testcase -->
        <test-method status="PASS" signature="testcase(java.lang.String)[pri:0, instance:automation.datadriverntesting.SharePrice@735b5592]" name="testcase" duration-ms="4794" started-at="2017-08-15T18:12:25Z" data-provider="td1" finished-at="2017-08-15T18:12:30Z">
          <params>
            <param index="0">
              <value>
                <![CDATA[Voltas Ltd.]]>
              </value>
            </param>
          </params>
          <reporter-output>
          </reporter-output>
        </test-method> <!-- testcase -->
        <test-method status="PASS" signature="testcase(java.lang.String)[pri:0, instance:automation.datadriverntesting.SharePrice@735b5592]" name="testcase" duration-ms="5189" started-at="2017-08-15T18:12:30Z" data-provider="td1" finished-at="2017-08-15T18:12:35Z">
          <params>
            <param index="0">
              <value>
                <![CDATA[Raymond Ltd.]]>
              </value>
            </param>
          </params>
          <reporter-output>
          </reporter-output>
        </test-method> <!-- testcase -->
        <test-method status="PASS" signature="testcase(java.lang.String)[pri:0, instance:automation.datadriverntesting.SharePrice@735b5592]" name="testcase" duration-ms="5630" started-at="2017-08-15T18:12:35Z" data-provider="td1" finished-at="2017-08-15T18:12:41Z">
          <params>
            <param index="0">
              <value>
                <![CDATA[Grasim Industries Ltd.]]>
              </value>
            </param>
          </params>
          <reporter-output>
          </reporter-output>
        </test-method> <!-- testcase -->
        <test-method status="PASS" signature="testcase(java.lang.String)[pri:0, instance:automation.datadriverntesting.SharePrice@735b5592]" name="testcase" duration-ms="5703" started-at="2017-08-15T18:12:41Z" data-provider="td1" finished-at="2017-08-15T18:12:46Z">
          <params>
            <param index="0">
              <value>
                <![CDATA[Tata Global Beverages Ltd.]]>
              </value>
            </param>
          </params>
          <reporter-output>
          </reporter-output>
        </test-method> <!-- testcase -->
        <test-method status="PASS" signature="testcase(java.lang.String)[pri:0, instance:automation.datadriverntesting.SharePrice@735b5592]" name="testcase" duration-ms="4806" started-at="2017-08-15T18:12:46Z" data-provider="td1" finished-at="2017-08-15T18:12:51Z">
          <params>
            <param index="0">
              <value>
                <![CDATA[Vinati Organics]]>
              </value>
            </param>
          </params>
          <reporter-output>
          </reporter-output>
        </test-method> <!-- testcase -->
        <test-method status="PASS" signature="testcase(java.lang.String)[pri:0, instance:automation.datadriverntesting.SharePrice@735b5592]" name="testcase" duration-ms="5719" started-at="2017-08-15T18:12:51Z" data-provider="td1" finished-at="2017-08-15T18:12:57Z">
          <params>
            <param index="0">
              <value>
                <![CDATA[Exide Industries Ltd.]]>
              </value>
            </param>
          </params>
          <reporter-output>
          </reporter-output>
        </test-method> <!-- testcase -->
        <test-method status="PASS" signature="testcase(java.lang.String)[pri:0, instance:automation.datadriverntesting.SharePrice@735b5592]" name="testcase" duration-ms="5865" started-at="2017-08-15T18:12:57Z" data-provider="td1" finished-at="2017-08-15T18:13:03Z">
          <params>
            <param index="0">
              <value>
                <![CDATA[Tata Chemicals Ltd.]]>
              </value>
            </param>
          </params>
          <reporter-output>
          </reporter-output>
        </test-method> <!-- testcase -->
        <test-method status="PASS" signature="testcase(java.lang.String)[pri:0, instance:automation.datadriverntesting.SharePrice@735b5592]" name="testcase" duration-ms="6311" started-at="2017-08-15T18:13:03Z" data-provider="td1" finished-at="2017-08-15T18:13:09Z">
          <params>
            <param index="0">
              <value>
                <![CDATA[Havells India Ltd.]]>
              </value>
            </param>
          </params>
          <reporter-output>
          </reporter-output>
        </test-method> <!-- testcase -->
        <test-method status="PASS" signature="testcase(java.lang.String)[pri:0, instance:automation.datadriverntesting.SharePrice@735b5592]" name="testcase" duration-ms="5259" started-at="2017-08-15T18:13:09Z" data-provider="td1" finished-at="2017-08-15T18:13:14Z">
          <params>
            <param index="0">
              <value>
                <![CDATA[Natco Pharma Ltd.]]>
              </value>
            </param>
          </params>
          <reporter-output>
          </reporter-output>
        </test-method> <!-- testcase -->
        <test-method status="PASS" signature="testcase(java.lang.String)[pri:0, instance:automation.datadriverntesting.SharePrice@735b5592]" name="testcase" duration-ms="5234" started-at="2017-08-15T18:13:14Z" data-provider="td1" finished-at="2017-08-15T18:13:19Z">
          <params>
            <param index="0">
              <value>
                <![CDATA[Info Edge Ltd.]]>
              </value>
            </param>
          </params>
          <reporter-output>
          </reporter-output>
        </test-method> <!-- testcase -->
        <test-method status="PASS" signature="testcase(java.lang.String)[pri:0, instance:automation.datadriverntesting.SharePrice@735b5592]" name="testcase" duration-ms="5995" started-at="2017-08-15T18:13:19Z" data-provider="td1" finished-at="2017-08-15T18:13:25Z">
          <params>
            <param index="0">
              <value>
                <![CDATA[Torrent Pharmaceuticals Ltd.]]>
              </value>
            </param>
          </params>
          <reporter-output>
          </reporter-output>
        </test-method> <!-- testcase -->
        <test-method status="PASS" signature="testcase(java.lang.String)[pri:0, instance:automation.datadriverntesting.SharePrice@735b5592]" name="testcase" duration-ms="9325" started-at="2017-08-15T18:13:25Z" data-provider="td1" finished-at="2017-08-15T18:13:35Z">
          <params>
            <param index="0">
              <value>
                <![CDATA[Apollo Hospitals Enterprise Ltd.]]>
              </value>
            </param>
          </params>
          <reporter-output>
          </reporter-output>
        </test-method> <!-- testcase -->
        <test-method status="PASS" signature="testcase(java.lang.String)[pri:0, instance:automation.datadriverntesting.SharePrice@735b5592]" name="testcase" duration-ms="7133" started-at="2017-08-15T18:13:35Z" data-provider="td1" finished-at="2017-08-15T18:13:42Z">
          <params>
            <param index="0">
              <value>
                <![CDATA[Adani Ports and Special Economic Zone Ltd.]]>
              </value>
            </param>
          </params>
          <reporter-output>
          </reporter-output>
        </test-method> <!-- testcase -->
        <test-method status="PASS" signature="testcase(java.lang.String)[pri:0, instance:automation.datadriverntesting.SharePrice@735b5592]" name="testcase" duration-ms="6798" started-at="2017-08-15T18:13:42Z" data-provider="td1" finished-at="2017-08-15T18:13:49Z">
          <params>
            <param index="0">
              <value>
                <![CDATA[Motilal Oswal Financial Services Ltd.]]>
              </value>
            </param>
          </params>
          <reporter-output>
          </reporter-output>
        </test-method> <!-- testcase -->
        <test-method status="PASS" signature="testcase(java.lang.String)[pri:0, instance:automation.datadriverntesting.SharePrice@735b5592]" name="testcase" duration-ms="5745" started-at="2017-08-15T18:13:49Z" data-provider="td1" finished-at="2017-08-15T18:13:54Z">
          <params>
            <param index="0">
              <value>
                <![CDATA[Equitas Holdings Ltd.]]>
              </value>
            </param>
          </params>
          <reporter-output>
          </reporter-output>
        </test-method> <!-- testcase -->
        <test-method status="PASS" signature="testcase(java.lang.String)[pri:0, instance:automation.datadriverntesting.SharePrice@735b5592]" name="testcase" duration-ms="5239" started-at="2017-08-15T18:13:54Z" data-provider="td1" finished-at="2017-08-15T18:14:00Z">
          <params>
            <param index="0">
              <value>
                <![CDATA[CESC Ltd.]]>
              </value>
            </param>
          </params>
          <reporter-output>
          </reporter-output>
        </test-method> <!-- testcase -->
        <test-method status="PASS" signature="testcase(java.lang.String)[pri:0, instance:automation.datadriverntesting.SharePrice@735b5592]" name="testcase" duration-ms="6094" started-at="2017-08-15T18:14:00Z" data-provider="td1" finished-at="2017-08-15T18:14:06Z">
          <params>
            <param index="0">
              <value>
                <![CDATA[IPCA Laboratories Ltd.]]>
              </value>
            </param>
          </params>
          <reporter-output>
          </reporter-output>
        </test-method> <!-- testcase -->
        <test-method status="PASS" signature="testcase(java.lang.String)[pri:0, instance:automation.datadriverntesting.SharePrice@735b5592]" name="testcase" duration-ms="11229" started-at="2017-08-15T18:14:06Z" data-provider="td1" finished-at="2017-08-15T18:14:17Z">
          <params>
            <param index="0">
              <value>
                <![CDATA[SRF Ltd.]]>
              </value>
            </param>
          </params>
          <reporter-output>
          </reporter-output>
        </test-method> <!-- testcase -->
        <test-method status="PASS" signature="testcase(java.lang.String)[pri:0, instance:automation.datadriverntesting.SharePrice@735b5592]" name="testcase" duration-ms="4791" started-at="2017-08-15T18:14:17Z" data-provider="td1" finished-at="2017-08-15T18:14:22Z">
          <params>
            <param index="0">
              <value>
                <![CDATA[Emami Ltd.]]>
              </value>
            </param>
          </params>
          <reporter-output>
          </reporter-output>
        </test-method> <!-- testcase -->
        <test-method status="PASS" signature="testcase(java.lang.String)[pri:0, instance:automation.datadriverntesting.SharePrice@735b5592]" name="testcase" duration-ms="5137" started-at="2017-08-15T18:14:22Z" data-provider="td1" finished-at="2017-08-15T18:14:27Z">
          <params>
            <param index="0">
              <value>
                <![CDATA[Nilkamal Ltd.]]>
              </value>
            </param>
          </params>
          <reporter-output>
          </reporter-output>
        </test-method> <!-- testcase -->
        <test-method status="PASS" signature="testcase(java.lang.String)[pri:0, instance:automation.datadriverntesting.SharePrice@735b5592]" name="testcase" duration-ms="9016" started-at="2017-08-15T18:14:27Z" data-provider="td1" finished-at="2017-08-15T18:14:36Z">
          <params>
            <param index="0">
              <value>
                <![CDATA[Cera Sanitaryware Ltd.]]>
              </value>
            </param>
          </params>
          <reporter-output>
          </reporter-output>
        </test-method> <!-- testcase -->
        <test-method status="PASS" signature="testcase(java.lang.String)[pri:0, instance:automation.datadriverntesting.SharePrice@735b5592]" name="testcase" duration-ms="7909" started-at="2017-08-15T18:14:36Z" data-provider="td1" finished-at="2017-08-15T18:14:44Z">
          <params>
            <param index="0">
              <value>
                <![CDATA[Cox & Kings Ltd.]]>
              </value>
            </param>
          </params>
          <reporter-output>
          </reporter-output>
        </test-method> <!-- testcase -->
        <test-method status="PASS" signature="testcase(java.lang.String)[pri:0, instance:automation.datadriverntesting.SharePrice@735b5592]" name="testcase" duration-ms="9311" started-at="2017-08-15T18:14:44Z" data-provider="td1" finished-at="2017-08-15T18:14:53Z">
          <params>
            <param index="0">
              <value>
                <![CDATA[Gail (India) Ltd.]]>
              </value>
            </param>
          </params>
          <reporter-output>
          </reporter-output>
        </test-method> <!-- testcase -->
        <test-method status="PASS" signature="testcase(java.lang.String)[pri:0, instance:automation.datadriverntesting.SharePrice@735b5592]" name="testcase" duration-ms="5603" started-at="2017-08-15T18:14:53Z" data-provider="td1" finished-at="2017-08-15T18:14:59Z">
          <params>
            <param index="0">
              <value>
                <![CDATA[J K Cement Ltd.]]>
              </value>
            </param>
          </params>
          <reporter-output>
          </reporter-output>
        </test-method> <!-- testcase -->
        <test-method status="PASS" signature="testcase(java.lang.String)[pri:0, instance:automation.datadriverntesting.SharePrice@735b5592]" name="testcase" duration-ms="5504" started-at="2017-08-15T18:14:59Z" data-provider="td1" finished-at="2017-08-15T18:15:04Z">
          <params>
            <param index="0">
              <value>
                <![CDATA[Canara Bank Ltd.]]>
              </value>
            </param>
          </params>
          <reporter-output>
          </reporter-output>
        </test-method> <!-- testcase -->
        <test-method status="PASS" signature="testcase(java.lang.String)[pri:0, instance:automation.datadriverntesting.SharePrice@735b5592]" name="testcase" duration-ms="5494" started-at="2017-08-15T18:15:04Z" data-provider="td1" finished-at="2017-08-15T18:15:10Z">
          <params>
            <param index="0">
              <value>
                <![CDATA[DFM Foods]]>
              </value>
            </param>
          </params>
          <reporter-output>
          </reporter-output>
        </test-method> <!-- testcase -->
        <test-method status="PASS" signature="testcase(java.lang.String)[pri:0, instance:automation.datadriverntesting.SharePrice@735b5592]" name="testcase" duration-ms="6327" started-at="2017-08-15T18:15:10Z" data-provider="td1" finished-at="2017-08-15T18:15:16Z">
          <params>
            <param index="0">
              <value>
                <![CDATA[Bharat Financial Inclusion Ltd.]]>
              </value>
            </param>
          </params>
          <reporter-output>
          </reporter-output>
        </test-method> <!-- testcase -->
        <test-method status="PASS" signature="testcase(java.lang.String)[pri:0, instance:automation.datadriverntesting.SharePrice@735b5592]" name="testcase" duration-ms="5984" started-at="2017-08-15T18:15:16Z" data-provider="td1" finished-at="2017-08-15T18:15:22Z">
          <params>
            <param index="0">
              <value>
                <![CDATA[Kaveri Seed Co. Ltd.]]>
              </value>
            </param>
          </params>
          <reporter-output>
          </reporter-output>
        </test-method> <!-- testcase -->
        <test-method status="PASS" signature="testcase(java.lang.String)[pri:0, instance:automation.datadriverntesting.SharePrice@735b5592]" name="testcase" duration-ms="5820" started-at="2017-08-15T18:15:22Z" data-provider="td1" finished-at="2017-08-15T18:15:28Z">
          <params>
            <param index="0">
              <value>
                <![CDATA[Max India Ltd.]]>
              </value>
            </param>
          </params>
          <reporter-output>
          </reporter-output>
        </test-method> <!-- testcase -->
        <test-method status="PASS" signature="testcase(java.lang.String)[pri:0, instance:automation.datadriverntesting.SharePrice@735b5592]" name="testcase" duration-ms="5599" started-at="2017-08-15T18:15:28Z" data-provider="td1" finished-at="2017-08-15T18:15:34Z">
          <params>
            <param index="0">
              <value>
                <![CDATA[Finolex Cables Ltd.]]>
              </value>
            </param>
          </params>
          <reporter-output>
          </reporter-output>
        </test-method> <!-- testcase -->
        <test-method status="PASS" signature="testcase(java.lang.String)[pri:0, instance:automation.datadriverntesting.SharePrice@735b5592]" name="testcase" duration-ms="5518" started-at="2017-08-15T18:15:34Z" data-provider="td1" finished-at="2017-08-15T18:15:39Z">
          <params>
            <param index="0">
              <value>
                <![CDATA[Amara Raja Batteries Ltd.]]>
              </value>
            </param>
          </params>
          <reporter-output>
          </reporter-output>
        </test-method> <!-- testcase -->
        <test-method status="PASS" signature="testcase(java.lang.String)[pri:0, instance:automation.datadriverntesting.SharePrice@735b5592]" name="testcase" duration-ms="8515" started-at="2017-08-15T18:15:39Z" data-provider="td1" finished-at="2017-08-15T18:15:48Z">
          <params>
            <param index="0">
              <value>
                <![CDATA[AIA Engineering Ltd.]]>
              </value>
            </param>
          </params>
          <reporter-output>
          </reporter-output>
        </test-method> <!-- testcase -->
        <test-method status="PASS" signature="testcase(java.lang.String)[pri:0, instance:automation.datadriverntesting.SharePrice@735b5592]" name="testcase" duration-ms="6314" started-at="2017-08-15T18:15:48Z" data-provider="td1" finished-at="2017-08-15T18:15:54Z">
          <params>
            <param index="0">
              <value>
                <![CDATA[Supreme Industries Ltd.]]>
              </value>
            </param>
          </params>
          <reporter-output>
          </reporter-output>
        </test-method> <!-- testcase -->
        <test-method status="PASS" signature="testcase(java.lang.String)[pri:0, instance:automation.datadriverntesting.SharePrice@735b5592]" name="testcase" duration-ms="6207" started-at="2017-08-15T18:15:54Z" data-provider="td1" finished-at="2017-08-15T18:16:00Z">
          <params>
            <param index="0">
              <value>
                <![CDATA[GOCL Corporation Ltd.]]>
              </value>
            </param>
          </params>
          <reporter-output>
          </reporter-output>
        </test-method> <!-- testcase -->
        <test-method status="PASS" signature="testcase(java.lang.String)[pri:0, instance:automation.datadriverntesting.SharePrice@735b5592]" name="testcase" duration-ms="7816" started-at="2017-08-15T18:16:00Z" data-provider="td1" finished-at="2017-08-15T18:16:08Z">
          <params>
            <param index="0">
              <value>
                <![CDATA[Gulf Oil Lubricants India Ltd.]]>
              </value>
            </param>
          </params>
          <reporter-output>
          </reporter-output>
        </test-method> <!-- testcase -->
        <test-method status="PASS" signature="testcase(java.lang.String)[pri:0, instance:automation.datadriverntesting.SharePrice@735b5592]" name="testcase" duration-ms="5244" started-at="2017-08-15T18:16:08Z" data-provider="td1" finished-at="2017-08-15T18:16:13Z">
          <params>
            <param index="0">
              <value>
                <![CDATA[Dabur India Ltd.]]>
              </value>
            </param>
          </params>
          <reporter-output>
          </reporter-output>
        </test-method> <!-- testcase -->
        <test-method status="PASS" signature="testcase(java.lang.String)[pri:0, instance:automation.datadriverntesting.SharePrice@735b5592]" name="testcase" duration-ms="6112" started-at="2017-08-15T18:16:13Z" data-provider="td1" finished-at="2017-08-15T18:16:19Z">
          <params>
            <param index="0">
              <value>
                <![CDATA[eClerx Services Ltd.]]>
              </value>
            </param>
          </params>
          <reporter-output>
          </reporter-output>
        </test-method> <!-- testcase -->
        <test-method status="PASS" signature="testcase(java.lang.String)[pri:0, instance:automation.datadriverntesting.SharePrice@735b5592]" name="testcase" duration-ms="6078" started-at="2017-08-15T18:16:19Z" data-provider="td1" finished-at="2017-08-15T18:16:25Z">
          <params>
            <param index="0">
              <value>
                <![CDATA[Aarti Industries Ltd.]]>
              </value>
            </param>
          </params>
          <reporter-output>
          </reporter-output>
        </test-method> <!-- testcase -->
        <test-method status="PASS" signature="testcase(java.lang.String)[pri:0, instance:automation.datadriverntesting.SharePrice@735b5592]" name="testcase" duration-ms="6084" started-at="2017-08-15T18:16:25Z" data-provider="td1" finished-at="2017-08-15T18:16:31Z">
          <params>
            <param index="0">
              <value>
                <![CDATA[KEI Industries]]>
              </value>
            </param>
          </params>
          <reporter-output>
          </reporter-output>
        </test-method> <!-- testcase -->
        <test-method status="PASS" signature="testcase(java.lang.String)[pri:0, instance:automation.datadriverntesting.SharePrice@735b5592]" name="testcase" duration-ms="7308" started-at="2017-08-15T18:16:31Z" data-provider="td1" finished-at="2017-08-15T18:16:39Z">
          <params>
            <param index="0">
              <value>
                <![CDATA[Mahindra Holidays & Resorts India Ltd.]]>
              </value>
            </param>
          </params>
          <reporter-output>
          </reporter-output>
        </test-method> <!-- testcase -->
        <test-method status="PASS" signature="testcase(java.lang.String)[pri:0, instance:automation.datadriverntesting.SharePrice@735b5592]" name="testcase" duration-ms="5947" started-at="2017-08-15T18:16:39Z" data-provider="td1" finished-at="2017-08-15T18:16:45Z">
          <params>
            <param index="0">
              <value>
                <![CDATA[Sun T V Network Ltd.]]>
              </value>
            </param>
          </params>
          <reporter-output>
          </reporter-output>
        </test-method> <!-- testcase -->
        <test-method status="PASS" signature="testcase(java.lang.String)[pri:0, instance:automation.datadriverntesting.SharePrice@735b5592]" name="testcase" duration-ms="6075" started-at="2017-08-15T18:16:45Z" data-provider="td1" finished-at="2017-08-15T18:16:51Z">
          <params>
            <param index="0">
              <value>
                <![CDATA[Gateway Distriparks Ltd.]]>
              </value>
            </param>
          </params>
          <reporter-output>
          </reporter-output>
        </test-method> <!-- testcase -->
        <test-method status="PASS" signature="testcase(java.lang.String)[pri:0, instance:automation.datadriverntesting.SharePrice@735b5592]" name="testcase" duration-ms="5085" started-at="2017-08-15T18:16:51Z" data-provider="td1" finished-at="2017-08-15T18:16:56Z">
          <params>
            <param index="0">
              <value>
                <![CDATA[Lupin Ltd.]]>
              </value>
            </param>
          </params>
          <reporter-output>
          </reporter-output>
        </test-method> <!-- testcase -->
        <test-method status="PASS" signature="testcase(java.lang.String)[pri:0, instance:automation.datadriverntesting.SharePrice@735b5592]" name="testcase" duration-ms="5775" started-at="2017-08-15T18:16:56Z" data-provider="td1" finished-at="2017-08-15T18:17:02Z">
          <params>
            <param index="0">
              <value>
                <![CDATA[Schaeffler India Ltd.]]>
              </value>
            </param>
          </params>
          <reporter-output>
          </reporter-output>
        </test-method> <!-- testcase -->
        <test-method status="PASS" signature="testcase(java.lang.String)[pri:0, instance:automation.datadriverntesting.SharePrice@735b5592]" name="testcase" duration-ms="5847" started-at="2017-08-15T18:17:02Z" data-provider="td1" finished-at="2017-08-15T18:17:07Z">
          <params>
            <param index="0">
              <value>
                <![CDATA[Aditya Birla Money Ltd.]]>
              </value>
            </param>
          </params>
          <reporter-output>
          </reporter-output>
        </test-method> <!-- testcase -->
        <test-method status="PASS" signature="testcase(java.lang.String)[pri:0, instance:automation.datadriverntesting.SharePrice@735b5592]" name="testcase" duration-ms="5067" started-at="2017-08-15T18:17:07Z" data-provider="td1" finished-at="2017-08-15T18:17:13Z">
          <params>
            <param index="0">
              <value>
                <![CDATA[Thermax Ltd.]]>
              </value>
            </param>
          </params>
          <reporter-output>
          </reporter-output>
        </test-method> <!-- testcase -->
        <test-method status="PASS" signature="testcase(java.lang.String)[pri:0, instance:automation.datadriverntesting.SharePrice@735b5592]" name="testcase" duration-ms="6643" started-at="2017-08-15T18:17:13Z" data-provider="td1" finished-at="2017-08-15T18:17:19Z">
          <params>
            <param index="0">
              <value>
                <![CDATA[Zee Entertainment Enterprises Ltd.]]>
              </value>
            </param>
          </params>
          <reporter-output>
          </reporter-output>
        </test-method> <!-- testcase -->
        <test-method status="PASS" signature="testcase(java.lang.String)[pri:0, instance:automation.datadriverntesting.SharePrice@735b5592]" name="testcase" duration-ms="5477" started-at="2017-08-15T18:17:19Z" data-provider="td1" finished-at="2017-08-15T18:17:25Z">
          <params>
            <param index="0">
              <value>
                <![CDATA[Tvs Motor Company Ltd.]]>
              </value>
            </param>
          </params>
          <reporter-output>
          </reporter-output>
        </test-method> <!-- testcase -->
        <test-method status="PASS" signature="testcase(java.lang.String)[pri:0, instance:automation.datadriverntesting.SharePrice@735b5592]" name="testcase" duration-ms="6980" started-at="2017-08-15T18:17:25Z" data-provider="td1" finished-at="2017-08-15T18:17:32Z">
          <params>
            <param index="0">
              <value>
                <![CDATA[Container Corporation Of India Ltd.]]>
              </value>
            </param>
          </params>
          <reporter-output>
          </reporter-output>
        </test-method> <!-- testcase -->
        <test-method status="PASS" signature="testcase(java.lang.String)[pri:0, instance:automation.datadriverntesting.SharePrice@735b5592]" name="testcase" duration-ms="5579" started-at="2017-08-15T18:17:32Z" data-provider="td1" finished-at="2017-08-15T18:17:37Z">
          <params>
            <param index="0">
              <value>
                <![CDATA[Asian Paints Ltd.]]>
              </value>
            </param>
          </params>
          <reporter-output>
          </reporter-output>
        </test-method> <!-- testcase -->
        <test-method status="PASS" signature="testcase(java.lang.String)[pri:0, instance:automation.datadriverntesting.SharePrice@735b5592]" name="testcase" duration-ms="9455" started-at="2017-08-15T18:17:37Z" data-provider="td1" finished-at="2017-08-15T18:17:47Z">
          <params>
            <param index="0">
              <value>
                <![CDATA[Multi Commodity Exchange of India Ltd.]]>
              </value>
            </param>
          </params>
          <reporter-output>
          </reporter-output>
        </test-method> <!-- testcase -->
        <test-method status="PASS" signature="testcase(java.lang.String)[pri:0, instance:automation.datadriverntesting.SharePrice@735b5592]" name="testcase" duration-ms="5788" started-at="2017-08-15T18:17:47Z" data-provider="td1" finished-at="2017-08-15T18:17:52Z">
          <params>
            <param index="0">
              <value>
                <![CDATA[Yes Bank Ltd.]]>
              </value>
            </param>
          </params>
          <reporter-output>
          </reporter-output>
        </test-method> <!-- testcase -->
        <test-method status="PASS" signature="testcase(java.lang.String)[pri:0, instance:automation.datadriverntesting.SharePrice@735b5592]" name="testcase" duration-ms="5034" started-at="2017-08-15T18:17:52Z" data-provider="td1" finished-at="2017-08-15T18:17:57Z">
          <params>
            <param index="0">
              <value>
                <![CDATA[L&T Finance Holdings Ltd.]]>
              </value>
            </param>
          </params>
          <reporter-output>
          </reporter-output>
        </test-method> <!-- testcase -->
        <test-method status="PASS" signature="testcase(java.lang.String)[pri:0, instance:automation.datadriverntesting.SharePrice@735b5592]" name="testcase" duration-ms="6475" started-at="2017-08-15T18:17:57Z" data-provider="td1" finished-at="2017-08-15T18:18:04Z">
          <params>
            <param index="0">
              <value>
                <![CDATA[Cholamandalam Investment & Finance Company Ltd.]]>
              </value>
            </param>
          </params>
          <reporter-output>
          </reporter-output>
        </test-method> <!-- testcase -->
        <test-method status="PASS" signature="testcase(java.lang.String)[pri:0, instance:automation.datadriverntesting.SharePrice@735b5592]" name="testcase" duration-ms="5565" started-at="2017-08-15T18:18:04Z" data-provider="td1" finished-at="2017-08-15T18:18:10Z">
          <params>
            <param index="0">
              <value>
                <![CDATA[DCB Bank Ltd.]]>
              </value>
            </param>
          </params>
          <reporter-output>
          </reporter-output>
        </test-method> <!-- testcase -->
        <test-method status="PASS" signature="testcase(java.lang.String)[pri:0, instance:automation.datadriverntesting.SharePrice@735b5592]" name="testcase" duration-ms="5717" started-at="2017-08-15T18:18:10Z" data-provider="td1" finished-at="2017-08-15T18:18:15Z">
          <params>
            <param index="0">
              <value>
                <![CDATA[Repco Home Finance Ltd.]]>
              </value>
            </param>
          </params>
          <reporter-output>
          </reporter-output>
        </test-method> <!-- testcase -->
        <test-method status="PASS" signature="testcase(java.lang.String)[pri:0, instance:automation.datadriverntesting.SharePrice@735b5592]" name="testcase" duration-ms="5819" started-at="2017-08-15T18:18:15Z" data-provider="td1" finished-at="2017-08-15T18:18:21Z">
          <params>
            <param index="0">
              <value>
                <![CDATA[Bank of Baroda]]>
              </value>
            </param>
          </params>
          <reporter-output>
          </reporter-output>
        </test-method> <!-- testcase -->
        <test-method status="PASS" signature="testcase(java.lang.String)[pri:0, instance:automation.datadriverntesting.SharePrice@735b5592]" name="testcase" duration-ms="5373" started-at="2017-08-15T18:18:21Z" data-provider="td1" finished-at="2017-08-15T18:18:26Z">
          <params>
            <param index="0">
              <value>
                <![CDATA[Bajaj Finserv Ltd.]]>
              </value>
            </param>
          </params>
          <reporter-output>
          </reporter-output>
        </test-method> <!-- testcase -->
        <test-method status="PASS" signature="testcase(java.lang.String)[pri:0, instance:automation.datadriverntesting.SharePrice@735b5592]" name="testcase" duration-ms="6878" started-at="2017-08-15T18:18:26Z" data-provider="td1" finished-at="2017-08-15T18:18:33Z">
          <params>
            <param index="0">
              <value>
                <![CDATA[Shriram Transport Finance Co. Ltd.]]>
              </value>
            </param>
          </params>
          <reporter-output>
          </reporter-output>
        </test-method> <!-- testcase -->
        <test-method status="PASS" signature="testcase(java.lang.String)[pri:0, instance:automation.datadriverntesting.SharePrice@735b5592]" name="testcase" duration-ms="5207" started-at="2017-08-15T18:18:33Z" data-provider="td1" finished-at="2017-08-15T18:18:39Z">
          <params>
            <param index="0">
              <value>
                <![CDATA[State Bank of India]]>
              </value>
            </param>
          </params>
          <reporter-output>
          </reporter-output>
        </test-method> <!-- testcase -->
        <test-method status="PASS" signature="testcase(java.lang.String)[pri:0, instance:automation.datadriverntesting.SharePrice@735b5592]" name="testcase" duration-ms="7225" started-at="2017-08-15T18:18:39Z" data-provider="td1" finished-at="2017-08-15T18:18:46Z">
          <params>
            <param index="0">
              <value>
                <![CDATA[Dewan Housing Finance Corporation Ltd.]]>
              </value>
            </param>
          </params>
          <reporter-output>
          </reporter-output>
        </test-method> <!-- testcase -->
        <test-method status="PASS" signature="testcase(java.lang.String)[pri:0, instance:automation.datadriverntesting.SharePrice@735b5592]" name="testcase" duration-ms="6181" started-at="2017-08-15T18:18:46Z" data-provider="td1" finished-at="2017-08-15T18:18:52Z">
          <params>
            <param index="0">
              <value>
                <![CDATA[Capital First Ltd.]]>
              </value>
            </param>
          </params>
          <reporter-output>
          </reporter-output>
        </test-method> <!-- testcase -->
        <test-method status="PASS" signature="testcase(java.lang.String)[pri:0, instance:automation.datadriverntesting.SharePrice@735b5592]" name="testcase" duration-ms="7071" started-at="2017-08-15T18:18:52Z" data-provider="td1" finished-at="2017-08-15T18:18:59Z">
          <params>
            <param index="0">
              <value>
                <![CDATA[Shriram City Union Finance]]>
              </value>
            </param>
          </params>
          <reporter-output>
          </reporter-output>
        </test-method> <!-- testcase -->
        <test-method status="PASS" signature="testcase(java.lang.String)[pri:0, instance:automation.datadriverntesting.SharePrice@735b5592]" name="testcase" duration-ms="5350" started-at="2017-08-15T18:18:59Z" data-provider="td1" finished-at="2017-08-15T18:19:04Z">
          <params>
            <param index="0">
              <value>
                <![CDATA[ICRA Ltd.]]>
              </value>
            </param>
          </params>
          <reporter-output>
          </reporter-output>
        </test-method> <!-- testcase -->
        <test-method status="PASS" signature="testcase(java.lang.String)[pri:0, instance:automation.datadriverntesting.SharePrice@735b5592]" name="testcase" duration-ms="6174" started-at="2017-08-15T18:19:04Z" data-provider="td1" finished-at="2017-08-15T18:19:11Z">
          <params>
            <param index="0">
              <value>
                <![CDATA[City Union Bank Ltd.]]>
              </value>
            </param>
          </params>
          <reporter-output>
          </reporter-output>
        </test-method> <!-- testcase -->
        <test-method status="PASS" signature="testcase(java.lang.String)[pri:0, instance:automation.datadriverntesting.SharePrice@735b5592]" name="testcase" duration-ms="6625" started-at="2017-08-15T18:19:11Z" data-provider="td1" finished-at="2017-08-15T18:19:17Z">
          <params>
            <param index="0">
              <value>
                <![CDATA[Edelweiss Financial Services Ltd.]]>
              </value>
            </param>
          </params>
          <reporter-output>
          </reporter-output>
        </test-method> <!-- testcase -->
        <test-method status="PASS" signature="testcase(java.lang.String)[pri:0, instance:automation.datadriverntesting.SharePrice@735b5592]" name="testcase" duration-ms="5711" started-at="2017-08-15T18:19:17Z" data-provider="td1" finished-at="2017-08-15T18:19:23Z">
          <params>
            <param index="0">
              <value>
                <![CDATA[K P R Mill Ltd.]]>
              </value>
            </param>
          </params>
          <reporter-output>
          </reporter-output>
        </test-method> <!-- testcase -->
        <test-method status="PASS" signature="testcase(java.lang.String)[pri:0, instance:automation.datadriverntesting.SharePrice@735b5592]" name="testcase" duration-ms="6898" started-at="2017-08-15T18:19:23Z" data-provider="td1" finished-at="2017-08-15T18:19:30Z">
          <params>
            <param index="0">
              <value>
                <![CDATA[Sharda Cropchem Ltd.]]>
              </value>
            </param>
          </params>
          <reporter-output>
          </reporter-output>
        </test-method> <!-- testcase -->
        <test-method status="PASS" signature="testcase(java.lang.String)[pri:0, instance:automation.datadriverntesting.SharePrice@735b5592]" name="testcase" duration-ms="7104" started-at="2017-08-15T18:19:30Z" data-provider="td1" finished-at="2017-08-15T18:19:37Z">
          <params>
            <param index="0">
              <value>
                <![CDATA[APL Apollo Tubes Ltd.]]>
              </value>
            </param>
          </params>
          <reporter-output>
          </reporter-output>
        </test-method> <!-- testcase -->
        <test-method status="PASS" signature="testcase(java.lang.String)[pri:0, instance:automation.datadriverntesting.SharePrice@735b5592]" name="testcase" duration-ms="6475" started-at="2017-08-15T18:19:37Z" data-provider="td1" finished-at="2017-08-15T18:19:43Z">
          <params>
            <param index="0">
              <value>
                <![CDATA[Navin Fluorine International Ltd.]]>
              </value>
            </param>
          </params>
          <reporter-output>
          </reporter-output>
        </test-method> <!-- testcase -->
        <test-method status="PASS" signature="testcase(java.lang.String)[pri:0, instance:automation.datadriverntesting.SharePrice@735b5592]" name="testcase" duration-ms="6014" started-at="2017-08-15T18:19:43Z" data-provider="td1" finished-at="2017-08-15T18:19:49Z">
          <params>
            <param index="0">
              <value>
                <![CDATA[Manappuram Finance Ltd.]]>
              </value>
            </param>
          </params>
          <reporter-output>
          </reporter-output>
        </test-method> <!-- testcase -->
        <test-method status="PASS" signature="testcase(java.lang.String)[pri:0, instance:automation.datadriverntesting.SharePrice@735b5592]" name="testcase" duration-ms="5770" started-at="2017-08-15T18:19:49Z" data-provider="td1" finished-at="2017-08-15T18:19:55Z">
          <params>
            <param index="0">
              <value>
                <![CDATA[Somany Ceramics Ltd.]]>
              </value>
            </param>
          </params>
          <reporter-output>
          </reporter-output>
        </test-method> <!-- testcase -->
        <test-method status="PASS" signature="testcase(java.lang.String)[pri:0, instance:automation.datadriverntesting.SharePrice@735b5592]" name="testcase" duration-ms="7348" started-at="2017-08-15T18:19:55Z" data-provider="td1" finished-at="2017-08-15T18:20:02Z">
          <params>
            <param index="0">
              <value>
                <![CDATA[Eveready Industries India Ltd.]]>
              </value>
            </param>
          </params>
          <reporter-output>
          </reporter-output>
        </test-method> <!-- testcase -->
        <test-method status="PASS" signature="testcase(java.lang.String)[pri:0, instance:automation.datadriverntesting.SharePrice@735b5592]" name="testcase" duration-ms="5965" started-at="2017-08-15T18:20:02Z" data-provider="td1" finished-at="2017-08-15T18:20:08Z">
          <params>
            <param index="0">
              <value>
                <![CDATA[Dhanuka Agritech Ltd.]]>
              </value>
            </param>
          </params>
          <reporter-output>
          </reporter-output>
        </test-method> <!-- testcase -->
        <test-method status="PASS" signature="testcase(java.lang.String)[pri:0, instance:automation.datadriverntesting.SharePrice@735b5592]" name="testcase" duration-ms="5834" started-at="2017-08-15T18:20:08Z" data-provider="td1" finished-at="2017-08-15T18:20:14Z">
          <params>
            <param index="0">
              <value>
                <![CDATA[V-Guard Industries Ltd.]]>
              </value>
            </param>
          </params>
          <reporter-output>
          </reporter-output>
        </test-method> <!-- testcase -->
        <test-method status="PASS" signature="testcase(java.lang.String)[pri:0, instance:automation.datadriverntesting.SharePrice@735b5592]" name="testcase" duration-ms="5557" started-at="2017-08-15T18:20:14Z" data-provider="td1" finished-at="2017-08-15T18:20:20Z">
          <params>
            <param index="0">
              <value>
                <![CDATA[Suprajit Engineering Ltd.]]>
              </value>
            </param>
          </params>
          <reporter-output>
          </reporter-output>
        </test-method> <!-- testcase -->
        <test-method status="PASS" signature="testcase(java.lang.String)[pri:0, instance:automation.datadriverntesting.SharePrice@735b5592]" name="testcase" duration-ms="6102" started-at="2017-08-15T18:20:20Z" data-provider="td1" finished-at="2017-08-15T18:20:26Z">
          <params>
            <param index="0">
              <value>
                <![CDATA[Thyrocare Technologies Ltd.]]>
              </value>
            </param>
          </params>
          <reporter-output>
          </reporter-output>
        </test-method> <!-- testcase -->
        <test-method status="PASS" signature="testcase(java.lang.String)[pri:0, instance:automation.datadriverntesting.SharePrice@735b5592]" name="testcase" duration-ms="6361" started-at="2017-08-15T18:20:26Z" data-provider="td1" finished-at="2017-08-15T18:20:32Z">
          <params>
            <param index="0">
              <value>
                <![CDATA[Chambal Fertilisers & Chemicals Ltd.]]>
              </value>
            </param>
          </params>
          <reporter-output>
          </reporter-output>
        </test-method> <!-- testcase -->
        <test-method status="PASS" signature="testcase(java.lang.String)[pri:0, instance:automation.datadriverntesting.SharePrice@735b5592]" name="testcase" duration-ms="5183" started-at="2017-08-15T18:20:32Z" data-provider="td1" finished-at="2017-08-15T18:20:37Z">
          <params>
            <param index="0">
              <value>
                <![CDATA[Ratnamani Metals & Tubes Ltd. ]]>
              </value>
            </param>
          </params>
          <reporter-output>
          </reporter-output>
        </test-method> <!-- testcase -->
        <test-method status="PASS" signature="testcase(java.lang.String)[pri:0, instance:automation.datadriverntesting.SharePrice@735b5592]" name="testcase" duration-ms="5705" started-at="2017-08-15T18:20:37Z" data-provider="td1" finished-at="2017-08-15T18:20:43Z">
          <params>
            <param index="0">
              <value>
                <![CDATA[Finolex Industries Ltd.]]>
              </value>
            </param>
          </params>
          <reporter-output>
          </reporter-output>
        </test-method> <!-- testcase -->
        <test-method status="PASS" signature="testcase(java.lang.String)[pri:0, instance:automation.datadriverntesting.SharePrice@735b5592]" name="testcase" duration-ms="7750" started-at="2017-08-15T18:20:43Z" data-provider="td1" finished-at="2017-08-15T18:20:51Z">
          <params>
            <param index="0">
              <value>
                <![CDATA[Kalpataru Power Transmission Ltd.]]>
              </value>
            </param>
          </params>
          <reporter-output>
          </reporter-output>
        </test-method> <!-- testcase -->
        <test-method status="PASS" signature="testcase(java.lang.String)[pri:0, instance:automation.datadriverntesting.SharePrice@735b5592]" name="testcase" duration-ms="6104" started-at="2017-08-15T18:20:51Z" data-provider="td1" finished-at="2017-08-15T18:20:57Z">
          <params>
            <param index="0">
              <value>
                <![CDATA[Vardhman Textiles Ltd.]]>
              </value>
            </param>
          </params>
          <reporter-output>
          </reporter-output>
        </test-method> <!-- testcase -->
        <test-method status="PASS" signature="testcase(java.lang.String)[pri:0, instance:automation.datadriverntesting.SharePrice@735b5592]" name="testcase" duration-ms="5919" started-at="2017-08-15T18:20:57Z" data-provider="td1" finished-at="2017-08-15T18:21:03Z">
          <params>
            <param index="0">
              <value>
                <![CDATA[Swaraj Engines Ltd.]]>
              </value>
            </param>
          </params>
          <reporter-output>
          </reporter-output>
        </test-method> <!-- testcase -->
        <test-method status="PASS" signature="testcase(java.lang.String)[pri:0, instance:automation.datadriverntesting.SharePrice@735b5592]" name="testcase" duration-ms="6757" started-at="2017-08-15T18:21:03Z" data-provider="td1" finished-at="2017-08-15T18:21:10Z">
          <params>
            <param index="0">
              <value>
                <![CDATA[Siyaram Silk Mills Ltd.]]>
              </value>
            </param>
          </params>
          <reporter-output>
          </reporter-output>
        </test-method> <!-- testcase -->
[...]
          <params>
            <param index="0">
              <value>
                <![CDATA[Polyplex Corporation Ltd.]]>
              </value>
            </param>
          </params>
          <reporter-output>
          </reporter-output>
        </test-method> <!-- testcase -->
        <test-method status="PASS" signature="testcase(java.lang.String)[pri:0, instance:automation.datadriverntesting.SharePrice@735b5592]" name="testcase" duration-ms="201" started-at="2017-08-15T18:28:07Z" data-provider="td1" finished-at="2017-08-15T18:28:07Z">
          <params>
            <param index="0">
              <value>
                <![CDATA[NIIT Ltd.]]>
              </value>
            </param>
          </params>
          <reporter-output>
          </reporter-output>
        </test-method> <!-- testcase -->
        <test-method status="PASS" signature="testcase(java.lang.String)[pri:0, instance:automation.datadriverntesting.SharePrice@735b5592]" name="testcase" duration-ms="201" started-at="2017-08-15T18:28:07Z" data-provider="td1" finished-at="2017-08-15T18:28:07Z">
          <params>
            <param index="0">
              <value>
                <![CDATA[INEOS Styrolution India Ltd.]]>
              </value>
            </param>
          </params>
          <reporter-output>
          </reporter-output>
        </test-method> <!-- testcase -->
        <test-method status="PASS" signature="testcase(java.lang.String)[pri:0, instance:automation.datadriverntesting.SharePrice@735b5592]" name="testcase" duration-ms="200" started-at="2017-08-15T18:28:07Z" data-provider="td1" finished-at="2017-08-15T18:28:07Z">
          <params>
            <param index="0">
              <value>
                <![CDATA[Kirloskar Brothers Ltd.]]>
              </value>
            </param>
          </params>
          <reporter-output>
          </reporter-output>
        </test-method> <!-- testcase -->
        <test-method status="PASS" signature="testcase(java.lang.String)[pri:0, instance:automation.datadriverntesting.SharePrice@735b5592]" name="testcase" duration-ms="200" started-at="2017-08-15T18:28:07Z" data-provider="td1" finished-at="2017-08-15T18:28:08Z">
          <params>
            <param index="0">
              <value>
                <![CDATA[Arvind Ltd.]]>
              </value>
            </param>
          </params>
          <reporter-output>
          </reporter-output>
        </test-method> <!-- testcase -->
        <test-method status="PASS" signature="testcase(java.lang.String)[pri:0, instance:automation.datadriverntesting.SharePrice@735b5592]" name="testcase" duration-ms="200" started-at="2017-08-15T18:28:08Z" data-provider="td1" finished-at="2017-08-15T18:28:08Z">
          <params>
            <param index="0">
              <value>
                <![CDATA[Radico-Khaitan Ltd.]]>
              </value>
            </param>
          </params>
          <reporter-output>
          </reporter-output>
        </test-method> <!-- testcase -->
        <test-method status="PASS" signature="testcase(java.lang.String)[pri:0, instance:automation.datadriverntesting.SharePrice@735b5592]" name="testcase" duration-ms="201" started-at="2017-08-15T18:28:08Z" data-provider="td1" finished-at="2017-08-15T18:28:08Z">
          <params>
            <param index="0">
              <value>
                <![CDATA[Genus Power Infrastructures Ltd.]]>
              </value>
            </param>
          </params>
          <reporter-output>
          </reporter-output>
        </test-method> <!-- testcase -->
        <test-method status="PASS" signature="testcase(java.lang.String)[pri:0, instance:automation.datadriverntesting.SharePrice@735b5592]" name="testcase" duration-ms="201" started-at="2017-08-15T18:28:08Z" data-provider="td1" finished-at="2017-08-15T18:28:08Z">
          <params>
            <param index="0">
              <value>
                <![CDATA[India Cements Ltd.]]>
              </value>
            </param>
          </params>
          <reporter-output>
          </reporter-output>
        </test-method> <!-- testcase -->
        <test-method status="PASS" signature="testcase(java.lang.String)[pri:0, instance:automation.datadriverntesting.SharePrice@735b5592]" name="testcase" duration-ms="200" started-at="2017-08-15T18:28:08Z" data-provider="td1" finished-at="2017-08-15T18:28:08Z">
          <params>
            <param index="0">
              <value>
                <![CDATA[Lux Industries Ltd.]]>
              </value>
            </param>
          </params>
          <reporter-output>
          </reporter-output>
        </test-method> <!-- testcase -->
        <test-method status="PASS" signature="testcase(java.lang.String)[pri:0, instance:automation.datadriverntesting.SharePrice@735b5592]" name="testcase" duration-ms="200" started-at="2017-08-15T18:28:08Z" data-provider="td1" finished-at="2017-08-15T18:28:09Z">
          <params>
            <param index="0">
              <value>
                <![CDATA[Zydus Wellness Ltd.]]>
              </value>
            </param>
          </params>
          <reporter-output>
          </reporter-output>
        </test-method> <!-- testcase -->
        <test-method status="PASS" signature="testcase(java.lang.String)[pri:0, instance:automation.datadriverntesting.SharePrice@735b5592]" name="testcase" duration-ms="210" started-at="2017-08-15T18:28:09Z" data-provider="td1" finished-at="2017-08-15T18:28:09Z">
          <params>
            <param index="0">
              <value>
                <![CDATA[Agro Tech Foods Ltd.]]>
              </value>
            </param>
          </params>
          <reporter-output>
          </reporter-output>
        </test-method> <!-- testcase -->
        <test-method status="PASS" signature="testcase(java.lang.String)[pri:0, instance:automation.datadriverntesting.SharePrice@735b5592]" name="testcase" duration-ms="204" started-at="2017-08-15T18:28:09Z" data-provider="td1" finished-at="2017-08-15T18:28:09Z">
          <params>
            <param index="0">
              <value>
                <![CDATA[Mangalore Petrochemicals Ltd.]]>
              </value>
            </param>
          </params>
          <reporter-output>
          </reporter-output>
        </test-method> <!-- testcase -->
        <test-method status="PASS" signature="testcase(java.lang.String)[pri:0, instance:automation.datadriverntesting.SharePrice@735b5592]" name="testcase" duration-ms="201" started-at="2017-08-15T18:28:09Z" data-provider="td1" finished-at="2017-08-15T18:28:09Z">
          <params>
            <param index="0">
              <value>
                <![CDATA[Cyient Ltd.]]>
              </value>
            </param>
          </params>
          <reporter-output>
          </reporter-output>
        </test-method> <!-- testcase -->
        <test-method status="PASS" signature="testcase(java.lang.String)[pri:0, instance:automation.datadriverntesting.SharePrice@735b5592]" name="testcase" duration-ms="200" started-at="2017-08-15T18:28:09Z" data-provider="td1" finished-at="2017-08-15T18:28:09Z">
          <params>
            <param index="0">
              <value>
                <![CDATA[Century Textiles & Industries Ltd.]]>
              </value>
            </param>
          </params>
          <reporter-output>
          </reporter-output>
        </test-method> <!-- testcase -->
        <test-method status="PASS" signature="testcase(java.lang.String)[pri:0, instance:automation.datadriverntesting.SharePrice@735b5592]" name="testcase" duration-ms="200" started-at="2017-08-15T18:28:09Z" data-provider="td1" finished-at="2017-08-15T18:28:10Z">
          <params>
            <param index="0">
              <value>
                <![CDATA[Bajaj Corp Ltd.]]>
              </value>
            </param>
          </params>
          <reporter-output>
          </reporter-output>
        </test-method> <!-- testcase -->
        <test-method status="PASS" signature="testcase(java.lang.String)[pri:0, instance:automation.datadriverntesting.SharePrice@735b5592]" name="testcase" duration-ms="200" started-at="2017-08-15T18:28:10Z" data-provider="td1" finished-at="2017-08-15T18:28:10Z">
          <params>
            <param index="0">
              <value>
                <![CDATA[Delta Corp Ltd.]]>
              </value>
            </param>
          </params>
          <reporter-output>
          </reporter-output>
        </test-method> <!-- testcase -->
        <test-method status="PASS" signature="testcase(java.lang.String)[pri:0, instance:automation.datadriverntesting.SharePrice@735b5592]" name="testcase" duration-ms="200" started-at="2017-08-15T18:28:10Z" data-provider="td1" finished-at="2017-08-15T18:28:10Z">
          <params>
            <param index="0">
              <value>
                <![CDATA[Bajaj Electricals Ltd.]]>
              </value>
            </param>
          </params>
          <reporter-output>
          </reporter-output>
        </test-method> <!-- testcase -->
        <test-method status="PASS" signature="testcase(java.lang.String)[pri:0, instance:automation.datadriverntesting.SharePrice@735b5592]" name="testcase" duration-ms="201" started-at="2017-08-15T18:28:10Z" data-provider="td1" finished-at="2017-08-15T18:28:10Z">
          <params>
            <param index="0">
              <value>
                <![CDATA[SREI Infrastructure Finance Ltd.]]>
              </value>
            </param>
          </params>
          <reporter-output>
          </reporter-output>
        </test-method> <!-- testcase -->
        <test-method status="PASS" signature="testcase(java.lang.String)[pri:0, instance:automation.datadriverntesting.SharePrice@735b5592]" name="testcase" duration-ms="200" started-at="2017-08-15T18:28:10Z" data-provider="td1" finished-at="2017-08-15T18:28:10Z">
          <params>
            <param index="0">
              <value>
                <![CDATA[Claris Lifesciences Ltd.]]>
              </value>
            </param>
          </params>
          <reporter-output>
          </reporter-output>
        </test-method> <!-- testcase -->
        <test-method status="PASS" signature="testcase(java.lang.String)[pri:0, instance:automation.datadriverntesting.SharePrice@735b5592]" name="testcase" duration-ms="200" started-at="2017-08-15T18:28:10Z" data-provider="td1" finished-at="2017-08-15T18:28:11Z">
          <params>
            <param index="0">
              <value>
                <![CDATA[Indian Terrain Fashions Ltd.]]>
              </value>
            </param>
          </params>
          <reporter-output>
          </reporter-output>
        </test-method> <!-- testcase -->
        <test-method status="PASS" signature="testcase(java.lang.String)[pri:0, instance:automation.datadriverntesting.SharePrice@735b5592]" name="testcase" duration-ms="200" started-at="2017-08-15T18:28:11Z" data-provider="td1" finished-at="2017-08-15T18:28:11Z">
          <params>
            <param index="0">
              <value>
                <![CDATA[Bank of India]]>
              </value>
            </param>
          </params>
          <reporter-output>
          </reporter-output>
        </test-method> <!-- testcase -->
        <test-method status="PASS" signature="testcase(java.lang.String)[pri:0, instance:automation.datadriverntesting.SharePrice@735b5592]" name="testcase" duration-ms="201" started-at="2017-08-15T18:28:11Z" data-provider="td1" finished-at="2017-08-15T18:28:11Z">
          <params>
            <param index="0">
              <value>
                <![CDATA[Shree Pushkar Chemicals & Fertilisers Ltd.]]>
              </value>
            </param>
          </params>
          <reporter-output>
          </reporter-output>
        </test-method> <!-- testcase -->
        <test-method status="PASS" signature="testcase(java.lang.String)[pri:0, instance:automation.datadriverntesting.SharePrice@735b5592]" name="testcase" duration-ms="1916" started-at="2017-08-15T18:28:11Z" data-provider="td1" finished-at="2017-08-15T18:28:13Z">
          <params>
            <param index="0">
              <value>
                <![CDATA[Elantas Beck India Ltd.]]>
              </value>
            </param>
          </params>
          <reporter-output>
          </reporter-output>
        </test-method> <!-- testcase -->
        <test-method status="PASS" signature="testcase(java.lang.String)[pri:0, instance:automation.datadriverntesting.SharePrice@735b5592]" name="testcase" duration-ms="201" started-at="2017-08-15T18:28:13Z" data-provider="td1" finished-at="2017-08-15T18:28:13Z">
          <params>
            <param index="0">
              <value>
                <![CDATA[Johnson Controls-Hitachi Air Conditioning India Ltd.]]>
              </value>
            </param>
          </params>
          <reporter-output>
          </reporter-output>
        </test-method> <!-- testcase -->
        <test-method status="PASS" signature="testcase(java.lang.String)[pri:0, instance:automation.datadriverntesting.SharePrice@735b5592]" name="testcase" duration-ms="200" started-at="2017-08-15T18:28:13Z" data-provider="td1" finished-at="2017-08-15T18:28:13Z">
          <params>
            <param index="0">
              <value>
                <![CDATA[PSP Projects Ltd.]]>
              </value>
            </param>
          </params>
          <reporter-output>
          </reporter-output>
        </test-method> <!-- testcase -->
        <test-method status="PASS" signature="testcase(java.lang.String)[pri:0, instance:automation.datadriverntesting.SharePrice@735b5592]" name="testcase" duration-ms="200" started-at="2017-08-15T18:28:13Z" data-provider="td1" finished-at="2017-08-15T18:28:13Z">
          <params>
            <param index="0">
              <value>
                <![CDATA[TD Power Systems Ltd.]]>
              </value>
            </param>
          </params>
          <reporter-output>
          </reporter-output>
        </test-method> <!-- testcase -->
        <test-method status="PASS" signature="testcase(java.lang.String)[pri:0, instance:automation.datadriverntesting.SharePrice@735b5592]" name="testcase" duration-ms="200" started-at="2017-08-15T18:28:13Z" data-provider="td1" finished-at="2017-08-15T18:28:14Z">
          <params>
            <param index="0">
              <value>
                <![CDATA[Hindustan Construction Co. Ltd.]]>
              </value>
            </param>
          </params>
          <reporter-output>
          </reporter-output>
        </test-method> <!-- testcase -->
        <test-method status="PASS" signature="testcase(java.lang.String)[pri:0, instance:automation.datadriverntesting.SharePrice@735b5592]" name="testcase" duration-ms="201" started-at="2017-08-15T18:28:14Z" data-provider="td1" finished-at="2017-08-15T18:28:14Z">
          <params>
            <param index="0">
              <value>
                <![CDATA[J Kumar Infraprojects Ltd.]]>
              </value>
            </param>
          </params>
          <reporter-output>
          </reporter-output>
        </test-method> <!-- testcase -->
        <test-method status="PASS" signature="testcase(java.lang.String)[pri:0, instance:automation.datadriverntesting.SharePrice@735b5592]" name="testcase" duration-ms="201" started-at="2017-08-15T18:28:14Z" data-provider="td1" finished-at="2017-08-15T18:28:14Z">
          <params>
            <param index="0">
              <value>
                <![CDATA[Kirloskar Pneumatic Ltd.]]>
              </value>
            </param>
          </params>
          <reporter-output>
          </reporter-output>
        </test-method> <!-- testcase -->
        <test-method status="PASS" signature="testcase(java.lang.String)[pri:0, instance:automation.datadriverntesting.SharePrice@735b5592]" name="testcase" duration-ms="200" started-at="2017-08-15T18:28:14Z" data-provider="td1" finished-at="2017-08-15T18:28:14Z">
          <params>
            <param index="0">
              <value>
                <![CDATA[Greaves Cotton Ltd.]]>
              </value>
            </param>
          </params>
          <reporter-output>
          </reporter-output>
        </test-method> <!-- testcase -->
        <test-method status="PASS" signature="testcase(java.lang.String)[pri:0, instance:automation.datadriverntesting.SharePrice@735b5592]" name="testcase" duration-ms="200" started-at="2017-08-15T18:28:14Z" data-provider="td1" finished-at="2017-08-15T18:28:14Z">
          <params>
            <param index="0">
              <value>
                <![CDATA[Lovable Lingerie Ltd.]]>
              </value>
            </param>
          </params>
          <reporter-output>
          </reporter-output>
        </test-method> <!-- testcase -->
        <test-method status="PASS" signature="testcase(java.lang.String)[pri:0, instance:automation.datadriverntesting.SharePrice@735b5592]" name="testcase" duration-ms="200" started-at="2017-08-15T18:28:14Z" data-provider="td1" finished-at="2017-08-15T18:28:15Z">
          <params>
            <param index="0">
              <value>
                <![CDATA[Wpil Ltd.]]>
              </value>
            </param>
          </params>
          <reporter-output>
          </reporter-output>
        </test-method> <!-- testcase -->
        <test-method status="PASS" signature="testcase(java.lang.String)[pri:0, instance:automation.datadriverntesting.SharePrice@735b5592]" name="testcase" duration-ms="200" started-at="2017-08-15T18:28:15Z" data-provider="td1" finished-at="2017-08-15T18:28:15Z">
          <params>
            <param index="0">
              <value>
                <![CDATA[Hinduja Global Solutions Ltd.]]>
              </value>
            </param>
          </params>
          <reporter-output>
          </reporter-output>
        </test-method> <!-- testcase -->
        <test-method status="PASS" signature="testcase(java.lang.String)[pri:0, instance:automation.datadriverntesting.SharePrice@735b5592]" name="testcase" duration-ms="202" started-at="2017-08-15T18:28:15Z" data-provider="td1" finished-at="2017-08-15T18:28:15Z">
          <params>
            <param index="0">
              <value>
                <![CDATA[Ion Exchange (India) Ltd.]]>
              </value>
            </param>
          </params>
          <reporter-output>
          </reporter-output>
        </test-method> <!-- testcase -->
        <test-method status="PASS" signature="testcase(java.lang.String)[pri:0, instance:automation.datadriverntesting.SharePrice@735b5592]" name="testcase" duration-ms="200" started-at="2017-08-15T18:28:15Z" data-provider="td1" finished-at="2017-08-15T18:28:15Z">
          <params>
            <param index="0">
              <value>
                <![CDATA[]]>
              </value>
            </param>
          </params>
          <reporter-output>
          </reporter-output>
        </test-method> <!-- testcase -->
        <test-method status="PASS" signature="writeExcel()[pri:0, instance:automation.datadriverntesting.SharePrice@735b5592]" name="writeExcel" is-config="true" duration-ms="5592" started-at="2017-08-15T18:28:15Z" finished-at="2017-08-15T18:28:21Z">
          <reporter-output>
          </reporter-output>
        </test-method> <!-- writeExcel -->
      </class> <!-- automation.datadriverntesting.SharePrice -->
    </test> <!-- Default test -->
  </suite> <!-- Default suite -->
</testng-results>
